{"/home/travis/build/npmtest/node-npmtest-websocket-driver/test.js":{"path":"/home/travis/build/npmtest/node-npmtest-websocket-driver/test.js","s":{"1":2,"2":2,"3":2,"4":2,"5":2,"6":2,"7":2,"8":1,"9":2,"10":2,"11":1,"12":1,"13":1,"14":1,"15":2,"16":2,"17":2,"18":2,"19":1,"20":1,"21":2,"22":2,"23":2,"24":1,"25":1,"26":1,"27":1,"28":1,"29":1,"30":1,"31":1,"32":1,"33":1,"34":1,"35":1,"36":1,"37":1,"38":1,"39":2,"40":2,"41":1,"42":2,"43":2,"44":1,"45":2,"46":2,"47":1,"48":2,"49":2,"50":1,"51":1,"52":1,"53":1,"54":1},"b":{"1":[2,1,1,1],"2":[1,1,1,1],"3":[1,1],"4":[1,1],"5":[1,1],"6":[1,1],"7":[1,1],"8":[1,1],"9":[1,1],"10":[1,1,1],"11":[1,1],"12":[1,1],"13":[1,1],"14":[1,1],"15":[1,1],"16":[1,1],"17":[1,1]},"f":{"1":2,"2":2,"3":2,"4":2,"5":2,"6":1,"7":1,"8":1,"9":2,"10":2,"11":2,"12":2,"13":1},"fnMap":{"1":{"name":"(anonymous_1)","line":12,"loc":{"start":{"line":12,"column":1},"end":{"line":12,"column":13}}},"2":{"name":"(anonymous_2)","line":19,"loc":{"start":{"line":19,"column":5},"end":{"line":19,"column":17}}},"3":{"name":"(anonymous_3)","line":23,"loc":{"start":{"line":23,"column":24},"end":{"line":23,"column":36}}},"4":{"name":"(anonymous_4)","line":61,"loc":{"start":{"line":61,"column":5},"end":{"line":61,"column":17}}},"5":{"name":"(anonymous_5)","line":82,"loc":{"start":{"line":82,"column":5},"end":{"line":82,"column":17}}},"6":{"name":"(anonymous_6)","line":91,"loc":{"start":{"line":91,"column":77},"end":{"line":94,"column":10}}},"7":{"name":"(anonymous_7)","line":112,"loc":{"start":{"line":112,"column":83},"end":{"line":115,"column":10}},"skip":true},"8":{"name":"(anonymous_8)","line":123,"loc":{"start":{"line":123,"column":77},"end":{"line":126,"column":10}},"skip":true},"9":{"name":"(anonymous_9)","line":139,"loc":{"start":{"line":139,"column":12},"end":{"line":139,"column":40}},"skip":true},"10":{"name":"(anonymous_10)","line":147,"loc":{"start":{"line":147,"column":77},"end":{"line":150,"column":10}},"skip":true},"11":{"name":"(anonymous_11)","line":158,"loc":{"start":{"line":158,"column":83},"end":{"line":161,"column":10}},"skip":true},"12":{"name":"(anonymous_12)","line":169,"loc":{"start":{"line":169,"column":79},"end":{"line":172,"column":10}},"skip":true},"13":{"name":"(anonymous_13)","line":180,"loc":{"start":{"line":180,"column":75},"end":{"line":183,"column":10}},"skip":true}},"statementMap":{"1":{"start":{"line":12,"column":0},"end":{"line":195,"column":5}},"2":{"start":{"line":14,"column":4},"end":{"line":14,"column":14}},"3":{"start":{"line":19,"column":4},"end":{"line":56,"column":9}},"4":{"start":{"line":21,"column":8},"end":{"line":21,"column":19}},"5":{"start":{"line":23,"column":8},"end":{"line":35,"column":13}},"6":{"start":{"line":24,"column":12},"end":{"line":34,"column":13}},"7":{"start":{"line":25,"column":16},"end":{"line":28,"column":30}},"8":{"start":{"line":30,"column":16},"end":{"line":33,"column":27}},"9":{"start":{"line":37,"column":8},"end":{"line":39,"column":21}},"10":{"start":{"line":40,"column":8},"end":{"line":53,"column":9}},"11":{"start":{"line":43,"column":12},"end":{"line":46,"column":14}},"12":{"start":{"line":47,"column":12},"end":{"line":47,"column":18}},"13":{"start":{"line":50,"column":12},"end":{"line":51,"column":46}},"14":{"start":{"line":52,"column":12},"end":{"line":52,"column":18}},"15":{"start":{"line":55,"column":8},"end":{"line":55,"column":35}},"16":{"start":{"line":61,"column":4},"end":{"line":63,"column":9}},"17":{"start":{"line":62,"column":8},"end":{"line":62,"column":15}},"18":{"start":{"line":64,"column":4},"end":{"line":77,"column":5}},"19":{"start":{"line":70,"column":8},"end":{"line":70,"column":14}},"20":{"start":{"line":76,"column":8},"end":{"line":76,"column":14}},"21":{"start":{"line":82,"column":4},"end":{"line":84,"column":9}},"22":{"start":{"line":83,"column":8},"end":{"line":83,"column":15}},"23":{"start":{"line":85,"column":4},"end":{"line":194,"column":5}},"24":{"start":{"line":91,"column":8},"end":{"line":99,"column":10}},"25":{"start":{"line":98,"column":12},"end":{"line":98,"column":35}},"26":{"start":{"line":102,"column":8},"end":{"line":104,"column":63}},"27":{"start":{"line":105,"column":8},"end":{"line":105,"column":14}},"28":{"start":{"line":112,"column":8},"end":{"line":121,"column":10},"skip":true},"29":{"start":{"line":119,"column":12},"end":{"line":119,"column":55},"skip":true},"30":{"start":{"line":120,"column":12},"end":{"line":120,"column":48},"skip":true},"31":{"start":{"line":123,"column":8},"end":{"line":136,"column":10},"skip":true},"32":{"start":{"line":130,"column":12},"end":{"line":130,"column":76},"skip":true},"33":{"start":{"line":131,"column":12},"end":{"line":131,"column":73},"skip":true},"34":{"start":{"line":132,"column":12},"end":{"line":132,"column":74},"skip":true},"35":{"start":{"line":133,"column":12},"end":{"line":133,"column":79},"skip":true},"36":{"start":{"line":134,"column":12},"end":{"line":134,"column":25},"skip":true},"37":{"start":{"line":135,"column":12},"end":{"line":135,"column":45},"skip":true},"38":{"start":{"line":138,"column":8},"end":{"line":145,"column":14},"skip":true},"39":{"start":{"line":143,"column":16},"end":{"line":143,"column":29},"skip":true},"40":{"start":{"line":144,"column":16},"end":{"line":144,"column":55},"skip":true},"41":{"start":{"line":147,"column":8},"end":{"line":156,"column":10},"skip":true},"42":{"start":{"line":154,"column":12},"end":{"line":154,"column":25},"skip":true},"43":{"start":{"line":155,"column":12},"end":{"line":155,"column":45},"skip":true},"44":{"start":{"line":158,"column":8},"end":{"line":167,"column":10},"skip":true},"45":{"start":{"line":165,"column":12},"end":{"line":165,"column":25},"skip":true},"46":{"start":{"line":166,"column":12},"end":{"line":166,"column":48},"skip":true},"47":{"start":{"line":169,"column":8},"end":{"line":178,"column":10},"skip":true},"48":{"start":{"line":176,"column":12},"end":{"line":176,"column":25},"skip":true},"49":{"start":{"line":177,"column":12},"end":{"line":177,"column":46},"skip":true},"50":{"start":{"line":180,"column":8},"end":{"line":189,"column":10},"skip":true},"51":{"start":{"line":187,"column":12},"end":{"line":187,"column":94},"skip":true},"52":{"start":{"line":188,"column":12},"end":{"line":188,"column":48},"skip":true},"53":{"start":{"line":192,"column":8},"end":{"line":192,"column":35},"skip":true},"54":{"start":{"line":193,"column":8},"end":{"line":193,"column":14},"skip":true}},"branchMap":{"1":{"line":25,"type":"binary-expr","locations":[{"start":{"line":25,"column":23},"end":{"line":25,"column":62}},{"start":{"line":26,"column":20},"end":{"line":26,"column":70}},{"start":{"line":27,"column":20},"end":{"line":27,"column":71}},{"start":{"line":28,"column":20},"end":{"line":28,"column":29}}]},"2":{"line":30,"type":"binary-expr","locations":[{"start":{"line":30,"column":23},"end":{"line":30,"column":37}},{"start":{"line":31,"column":20},"end":{"line":31,"column":61}},{"start":{"line":32,"column":20},"end":{"line":32,"column":70}},{"start":{"line":33,"column":20},"end":{"line":33,"column":26}}]},"3":{"line":37,"type":"cond-expr","locations":[{"start":{"line":38,"column":14},"end":{"line":38,"column":20}},{"start":{"line":39,"column":14},"end":{"line":39,"column":20}}]},"4":{"line":40,"type":"switch","locations":[{"start":{"line":42,"column":8},"end":{"line":47,"column":18}},{"start":{"line":49,"column":8},"end":{"line":52,"column":18}}]},"5":{"line":44,"type":"binary-expr","locations":[{"start":{"line":44,"column":16},"end":{"line":44,"column":44}},{"start":{"line":44,"column":48},"end":{"line":44,"column":66}}]},"6":{"line":50,"type":"binary-expr","locations":[{"start":{"line":50,"column":21},"end":{"line":50,"column":49}},{"start":{"line":50,"column":53},"end":{"line":50,"column":72}}]},"7":{"line":64,"type":"switch","locations":[{"start":{"line":69,"column":4},"end":{"line":70,"column":14}},{"start":{"line":75,"column":4},"end":{"line":76,"column":14}}]},"8":{"line":85,"type":"switch","locations":[{"start":{"line":90,"column":4},"end":{"line":105,"column":14}},{"start":{"line":111,"column":4},"end":{"line":193,"column":14},"skip":true}]},"9":{"line":91,"type":"binary-expr","locations":[{"start":{"line":91,"column":42},"end":{"line":91,"column":73}},{"start":{"line":91,"column":77},"end":{"line":99,"column":9}}]},"10":{"line":102,"type":"binary-expr","locations":[{"start":{"line":102,"column":18},"end":{"line":102,"column":32}},{"start":{"line":103,"column":12},"end":{"line":103,"column":53}},{"start":{"line":104,"column":12},"end":{"line":104,"column":61}}]},"11":{"line":112,"type":"binary-expr","locations":[{"start":{"line":112,"column":45},"end":{"line":112,"column":79},"skip":true},{"start":{"line":112,"column":83},"end":{"line":121,"column":9},"skip":true}]},"12":{"line":123,"type":"binary-expr","locations":[{"start":{"line":123,"column":42},"end":{"line":123,"column":73},"skip":true},{"start":{"line":123,"column":77},"end":{"line":136,"column":9},"skip":true}]},"13":{"line":138,"type":"binary-expr","locations":[{"start":{"line":138,"column":48},"end":{"line":138,"column":85},"skip":true},{"start":{"line":139,"column":12},"end":{"line":145,"column":13},"skip":true}]},"14":{"line":147,"type":"binary-expr","locations":[{"start":{"line":147,"column":42},"end":{"line":147,"column":73},"skip":true},{"start":{"line":147,"column":77},"end":{"line":156,"column":9},"skip":true}]},"15":{"line":158,"type":"binary-expr","locations":[{"start":{"line":158,"column":45},"end":{"line":158,"column":79},"skip":true},{"start":{"line":158,"column":83},"end":{"line":167,"column":9},"skip":true}]},"16":{"line":169,"type":"binary-expr","locations":[{"start":{"line":169,"column":43},"end":{"line":169,"column":75},"skip":true},{"start":{"line":169,"column":79},"end":{"line":178,"column":9},"skip":true}]},"17":{"line":180,"type":"binary-expr","locations":[{"start":{"line":180,"column":41},"end":{"line":180,"column":71},"skip":true},{"start":{"line":180,"column":75},"end":{"line":189,"column":9},"skip":true}]}},"code":["/* istanbul instrument in package npmtest_websocket_driver */","/*jslint","    bitwise: true,","    browser: true,","    maxerr: 8,","    maxlen: 96,","    node: true,","    nomen: true,","    regexp: true,","    stupid: true","*/","(function () {","    'use strict';","    var local;","","","","    // run shared js-env code - pre-init","    (function () {","        // init local","        local = {};","        // init modeJs","        local.modeJs = (function () {","            try {","                return typeof navigator.userAgent === 'string' &&","                    typeof document.querySelector('body') === 'object' &&","                    typeof XMLHttpRequest.prototype.open === 'function' &&","                    'browser';","            } catch (errorCaughtBrowser) {","                return module.exports &&","                    typeof process.versions.node === 'string' &&","                    typeof require('http').createServer === 'function' &&","                    'node';","            }","        }());","        // init global","        local.global = local.modeJs === 'browser'","            ? window","            : global;","        switch (local.modeJs) {","        // re-init local from window.local","        case 'browser':","            local = local.global.utility2.objectSetDefault(","                local.global.utility2_rollup || local.global.local,","                local.global.utility2","            );","            break;","        // re-init local from example.js","        case 'node':","            local = (local.global.utility2_rollup || require('utility2'))","                .requireExampleJsFromReadme();","            break;","        }","        // export local","        local.global.local = local;","    }());","","","","    // run shared js-env code - function","    (function () {","        return;","    }());","    switch (local.modeJs) {","","","","    // run browser js-env code - function","    case 'browser':","        break;","","","","    // run node js-env code - function","    case 'node':","        break;","    }","","","","    // run shared js-env code - post-init","    (function () {","        return;","    }());","    switch (local.modeJs) {","","","","    // run browser js-env code - post-init","    case 'browser':","        local.testCase_browser_nullCase = local.testCase_browser_nullCase || function (","            options,","            onError","        ) {","        /*","         * this function will test browsers's null-case handling-behavior-behavior","         */","            onError(null, options);","        };","","        // run tests","        local.nop(local.modeTest &&","            document.querySelector('#testRunButton1') &&","            document.querySelector('#testRunButton1').click());","        break;","","","","    // run node js-env code - post-init","    /* istanbul ignore next */","    case 'node':","        local.testCase_buildApidoc_default = local.testCase_buildApidoc_default || function (","            options,","            onError","        ) {","        /*","         * this function will test buildApidoc's default handling-behavior-behavior","         */","            options = { modulePathList: module.paths };","            local.buildApidoc(options, onError);","        };","","        local.testCase_buildApp_default = local.testCase_buildApp_default || function (","            options,","            onError","        ) {","        /*","         * this function will test buildApp's default handling-behavior-behavior","         */","            local.testCase_buildReadme_default(options, local.onErrorThrow);","            local.testCase_buildLib_default(options, local.onErrorThrow);","            local.testCase_buildTest_default(options, local.onErrorThrow);","            local.testCase_buildCustomOrg_default(options, local.onErrorThrow);","            options = [];","            local.buildApp(options, onError);","        };","","        local.testCase_buildCustomOrg_default = local.testCase_buildCustomOrg_default ||","            function (options, onError) {","            /*","             * this function will test buildCustomOrg's default handling-behavior","             */","                options = {};","                local.buildCustomOrg(options, onError);","            };","","        local.testCase_buildLib_default = local.testCase_buildLib_default || function (","            options,","            onError","        ) {","        /*","         * this function will test buildLib's default handling-behavior","         */","            options = {};","            local.buildLib(options, onError);","        };","","        local.testCase_buildReadme_default = local.testCase_buildReadme_default || function (","            options,","            onError","        ) {","        /*","         * this function will test buildReadme's default handling-behavior-behavior","         */","            options = {};","            local.buildReadme(options, onError);","        };","","        local.testCase_buildTest_default = local.testCase_buildTest_default || function (","            options,","            onError","        ) {","        /*","         * this function will test buildTest's default handling-behavior","         */","            options = {};","            local.buildTest(options, onError);","        };","","        local.testCase_webpage_default = local.testCase_webpage_default || function (","            options,","            onError","        ) {","        /*","         * this function will test webpage's default handling-behavior","         */","            options = { modeCoverageMerge: true, url: local.serverLocalHost + '?modeTest=1' };","            local.browserTest(options, onError);","        };","","        // run test-server","        local.testRunServer(local);","        break;","    }","}());",""],"l":{"12":2,"14":2,"19":2,"21":2,"23":2,"24":2,"25":2,"30":1,"37":2,"40":2,"43":1,"47":1,"50":1,"52":1,"55":2,"61":2,"62":2,"64":2,"70":1,"76":1,"82":2,"83":2,"85":2,"91":1,"98":1,"102":1,"105":1,"112":1,"119":1,"120":1,"123":1,"130":1,"131":1,"132":1,"133":1,"134":1,"135":1,"138":1,"143":2,"144":2,"147":1,"154":2,"155":2,"158":1,"165":2,"166":2,"169":1,"176":2,"177":2,"180":1,"187":1,"188":1,"192":1,"193":1}},"/home/travis/build/npmtest/node-npmtest-websocket-driver/lib.npmtest_websocket_driver.js":{"path":"/home/travis/build/npmtest/node-npmtest-websocket-driver/lib.npmtest_websocket_driver.js","s":{"1":2,"2":2,"3":2,"4":2,"5":2,"6":2,"7":2,"8":1,"9":2,"10":2,"11":2,"12":2,"13":1,"14":1,"15":1,"16":1},"b":{"1":[2,1,1,1],"2":[1,1,1,1],"3":[1,1],"4":[2,2],"5":[1,1]},"f":{"1":2,"2":2,"3":2},"fnMap":{"1":{"name":"(anonymous_1)","line":12,"loc":{"start":{"line":12,"column":1},"end":{"line":12,"column":13}}},"2":{"name":"(anonymous_2)","line":19,"loc":{"start":{"line":19,"column":5},"end":{"line":19,"column":17}}},"3":{"name":"(anonymous_3)","line":23,"loc":{"start":{"line":23,"column":24},"end":{"line":23,"column":36}}}},"statementMap":{"1":{"start":{"line":12,"column":0},"end":{"line":53,"column":5}},"2":{"start":{"line":14,"column":4},"end":{"line":14,"column":14}},"3":{"start":{"line":19,"column":4},"end":{"line":52,"column":9}},"4":{"start":{"line":21,"column":8},"end":{"line":21,"column":19}},"5":{"start":{"line":23,"column":8},"end":{"line":35,"column":13}},"6":{"start":{"line":24,"column":12},"end":{"line":34,"column":13}},"7":{"start":{"line":25,"column":16},"end":{"line":28,"column":30}},"8":{"start":{"line":30,"column":16},"end":{"line":33,"column":27}},"9":{"start":{"line":37,"column":8},"end":{"line":39,"column":21}},"10":{"start":{"line":41,"column":8},"end":{"line":41,"column":54}},"11":{"start":{"line":43,"column":8},"end":{"line":43,"column":61}},"12":{"start":{"line":45,"column":8},"end":{"line":51,"column":9}},"13":{"start":{"line":46,"column":12},"end":{"line":46,"column":67}},"14":{"start":{"line":48,"column":12},"end":{"line":48,"column":35}},"15":{"start":{"line":49,"column":12},"end":{"line":49,"column":49}},"16":{"start":{"line":50,"column":12},"end":{"line":50,"column":43}}},"branchMap":{"1":{"line":25,"type":"binary-expr","locations":[{"start":{"line":25,"column":23},"end":{"line":25,"column":62}},{"start":{"line":26,"column":20},"end":{"line":26,"column":70}},{"start":{"line":27,"column":20},"end":{"line":27,"column":71}},{"start":{"line":28,"column":20},"end":{"line":28,"column":29}}]},"2":{"line":30,"type":"binary-expr","locations":[{"start":{"line":30,"column":23},"end":{"line":30,"column":37}},{"start":{"line":31,"column":20},"end":{"line":31,"column":61}},{"start":{"line":32,"column":20},"end":{"line":32,"column":70}},{"start":{"line":33,"column":20},"end":{"line":33,"column":26}}]},"3":{"line":37,"type":"cond-expr","locations":[{"start":{"line":38,"column":14},"end":{"line":38,"column":20}},{"start":{"line":39,"column":14},"end":{"line":39,"column":20}}]},"4":{"line":41,"type":"binary-expr","locations":[{"start":{"line":41,"column":16},"end":{"line":41,"column":44}},{"start":{"line":41,"column":48},"end":{"line":41,"column":53}}]},"5":{"line":45,"type":"if","locations":[{"start":{"line":45,"column":8},"end":{"line":45,"column":8}},{"start":{"line":45,"column":8},"end":{"line":45,"column":8}}]}},"code":["/* istanbul instrument in package npmtest_websocket_driver */","/*jslint","    bitwise: true,","    browser: true,","    maxerr: 8,","    maxlen: 96,","    node: true,","    nomen: true,","    regexp: true,","    stupid: true","*/","(function () {","    'use strict';","    var local;","","","","    // run shared js-env code - pre-init","    (function () {","        // init local","        local = {};","        // init modeJs","        local.modeJs = (function () {","            try {","                return typeof navigator.userAgent === 'string' &&","                    typeof document.querySelector('body') === 'object' &&","                    typeof XMLHttpRequest.prototype.open === 'function' &&","                    'browser';","            } catch (errorCaughtBrowser) {","                return module.exports &&","                    typeof process.versions.node === 'string' &&","                    typeof require('http').createServer === 'function' &&","                    'node';","            }","        }());","        // init global","        local.global = local.modeJs === 'browser'","            ? window","            : global;","        // init utility2_rollup","        local = local.global.utility2_rollup || local;","        // init lib","        local.local = local.npmtest_websocket_driver = local;","        // init exports","        if (local.modeJs === 'browser') {","            local.global.utility2_npmtest_websocket_driver = local;","        } else {","            module.exports = local;","            module.exports.__dirname = __dirname;","            module.exports.module = module;","        }","    }());","}());",""],"l":{"12":2,"14":2,"19":2,"21":2,"23":2,"24":2,"25":2,"30":1,"37":2,"41":2,"43":2,"45":2,"46":1,"48":1,"49":1,"50":1}},"/home/travis/build/npmtest/node-npmtest-websocket-driver/example.js":{"path":"/home/travis/build/npmtest/node-npmtest-websocket-driver/example.js","s":{"1":2,"2":2,"3":2,"4":2,"5":2,"6":2,"7":2,"8":1,"9":2,"10":2,"11":2,"12":2,"13":1,"14":2,"15":2,"16":2,"17":2,"18":2,"19":0,"20":2,"21":1,"22":1,"23":1,"24":1,"25":1,"26":0,"27":0,"28":1,"29":1,"30":2,"31":0,"32":0,"33":0,"34":1,"35":2,"36":2,"37":3,"38":3,"39":3,"40":3,"41":0,"42":3,"43":3,"44":3,"45":1,"46":3,"47":1,"48":1,"49":1,"50":1,"51":1,"52":1,"53":1,"54":1,"55":1,"56":1,"57":0,"58":1,"59":6,"60":6,"61":1,"62":2,"63":0,"64":2,"65":1,"66":1,"67":0,"68":0,"69":0,"70":0,"71":0,"72":0,"73":0,"74":0,"75":0,"76":0,"77":0,"78":0,"79":0,"80":0,"81":0,"82":0,"83":0},"b":{"1":[2,1,1,1],"2":[1,1,1,1],"3":[1,1],"4":[2,2],"5":[1,1],"6":[1,1],"7":[2,0],"8":[2,1,1,1,1,1],"9":[0,2,0],"10":[1,1],"11":[2,1,1],"12":[1,0],"13":[0,2],"14":[2,0,0,0,0,0,0],"15":[0,3],"16":[3,0],"17":[1,1],"18":[0,1],"19":[1,2,0,2],"20":[1,0],"21":[1,1],"22":[0,0],"23":[0,0],"24":[0,0],"25":[0,0],"26":[0,0],"27":[0,0],"28":[0,0]},"f":{"1":2,"2":2,"3":2,"4":2,"5":2,"6":2,"7":3,"8":3,"9":3,"10":1,"11":6,"12":0},"fnMap":{"1":{"name":"(anonymous_1)","line":26,"loc":{"start":{"line":26,"column":1},"end":{"line":26,"column":13}}},"2":{"name":"(anonymous_2)","line":33,"loc":{"start":{"line":33,"column":5},"end":{"line":33,"column":17}}},"3":{"name":"(anonymous_3)","line":37,"loc":{"start":{"line":37,"column":24},"end":{"line":37,"column":36}}},"4":{"name":"(anonymous_4)","line":69,"loc":{"start":{"line":69,"column":31},"end":{"line":69,"column":48}},"skip":true},"5":{"name":"(anonymous_5)","line":78,"loc":{"start":{"line":78,"column":26},"end":{"line":78,"column":45}},"skip":true},"6":{"name":"(anonymous_6)","line":123,"loc":{"start":{"line":123,"column":33},"end":{"line":123,"column":48}},"skip":true},"7":{"name":"(anonymous_7)","line":125,"loc":{"start":{"line":125,"column":27},"end":{"line":125,"column":39}},"skip":true},"8":{"name":"(anonymous_8)","line":133,"loc":{"start":{"line":133,"column":59},"end":{"line":133,"column":74}},"skip":true},"9":{"name":"(anonymous_9)","line":143,"loc":{"start":{"line":143,"column":45},"end":{"line":143,"column":62}},"skip":true},"10":{"name":"(anonymous_10)","line":144,"loc":{"start":{"line":144,"column":73},"end":{"line":144,"column":92}},"skip":true},"11":{"name":"(anonymous_11)","line":272,"loc":{"start":{"line":272,"column":51},"end":{"line":272,"column":77}},"skip":true},"12":{"name":"(anonymous_12)","line":315,"loc":{"start":{"line":315,"column":32},"end":{"line":315,"column":61}},"skip":true}},"statementMap":{"1":{"start":{"line":26,"column":0},"end":{"line":326,"column":5}},"2":{"start":{"line":28,"column":4},"end":{"line":28,"column":14}},"3":{"start":{"line":33,"column":4},"end":{"line":60,"column":9}},"4":{"start":{"line":35,"column":8},"end":{"line":35,"column":19}},"5":{"start":{"line":37,"column":8},"end":{"line":49,"column":13}},"6":{"start":{"line":38,"column":12},"end":{"line":48,"column":13}},"7":{"start":{"line":39,"column":16},"end":{"line":42,"column":30}},"8":{"start":{"line":44,"column":16},"end":{"line":47,"column":27}},"9":{"start":{"line":51,"column":8},"end":{"line":53,"column":21}},"10":{"start":{"line":55,"column":8},"end":{"line":57,"column":45}},"11":{"start":{"line":59,"column":8},"end":{"line":59,"column":35}},"12":{"start":{"line":61,"column":4},"end":{"line":325,"column":5}},"13":{"start":{"line":69,"column":8},"end":{"line":121,"column":10},"skip":true},"14":{"start":{"line":70,"column":12},"end":{"line":88,"column":13},"skip":true},"15":{"start":{"line":76,"column":16},"end":{"line":87,"column":19},"skip":true},"16":{"start":{"line":79,"column":20},"end":{"line":86,"column":21},"skip":true},"17":{"start":{"line":82,"column":24},"end":{"line":82,"column":43},"skip":true},"18":{"start":{"line":83,"column":24},"end":{"line":83,"column":30},"skip":true},"19":{"start":{"line":85,"column":24},"end":{"line":85,"column":49},"skip":true},"20":{"start":{"line":89,"column":12},"end":{"line":107,"column":13},"skip":true},"21":{"start":{"line":92,"column":16},"end":{"line":102,"column":17},"skip":true},"22":{"start":{"line":93,"column":20},"end":{"line":93,"column":86},"skip":true},"23":{"start":{"line":94,"column":20},"end":{"line":95,"column":45},"skip":true},"24":{"start":{"line":96,"column":20},"end":{"line":96,"column":42},"skip":true},"25":{"start":{"line":97,"column":20},"end":{"line":97,"column":48},"skip":true},"26":{"start":{"line":100,"column":20},"end":{"line":100,"column":85},"skip":true},"27":{"start":{"line":101,"column":20},"end":{"line":101,"column":96},"skip":true},"28":{"start":{"line":103,"column":16},"end":{"line":103,"column":22},"skip":true},"29":{"start":{"line":106,"column":16},"end":{"line":106,"column":22},"skip":true},"30":{"start":{"line":108,"column":12},"end":{"line":120,"column":13},"skip":true},"31":{"start":{"line":114,"column":16},"end":{"line":119,"column":17},"skip":true},"32":{"start":{"line":116,"column":20},"end":{"line":116,"column":78},"skip":true},"33":{"start":{"line":118,"column":20},"end":{"line":118,"column":47},"skip":true},"34":{"start":{"line":123,"column":8},"end":{"line":141,"column":11},"skip":true},"35":{"start":{"line":124,"column":12},"end":{"line":124,"column":54},"skip":true},"36":{"start":{"line":125,"column":12},"end":{"line":140,"column":14},"skip":true},"37":{"start":{"line":126,"column":16},"end":{"line":126,"column":28},"skip":true},"38":{"start":{"line":127,"column":16},"end":{"line":127,"column":69},"skip":true},"39":{"start":{"line":128,"column":16},"end":{"line":128,"column":75},"skip":true},"40":{"start":{"line":129,"column":16},"end":{"line":131,"column":17},"skip":true},"41":{"start":{"line":130,"column":20},"end":{"line":130,"column":27},"skip":true},"42":{"start":{"line":133,"column":16},"end":{"line":137,"column":36},"skip":true},"43":{"start":{"line":134,"column":20},"end":{"line":136,"column":55},"skip":true},"44":{"start":{"line":139,"column":16},"end":{"line":139,"column":57},"skip":true},"45":{"start":{"line":143,"column":8},"end":{"line":147,"column":11},"skip":true},"46":{"start":{"line":144,"column":12},"end":{"line":146,"column":15},"skip":true},"47":{"start":{"line":145,"column":16},"end":{"line":145,"column":70},"skip":true},"48":{"start":{"line":149,"column":8},"end":{"line":149,"column":31},"skip":true},"49":{"start":{"line":150,"column":8},"end":{"line":150,"column":14},"skip":true},"50":{"start":{"line":158,"column":8},"end":{"line":158,"column":31},"skip":true},"51":{"start":{"line":160,"column":8},"end":{"line":160,"column":33},"skip":true},"52":{"start":{"line":161,"column":8},"end":{"line":161,"column":37},"skip":true},"53":{"start":{"line":162,"column":8},"end":{"line":162,"column":35},"skip":true},"54":{"start":{"line":164,"column":8},"end":{"line":164,"column":50},"skip":true},"55":{"start":{"line":166,"column":8},"end":{"line":256,"column":2},"skip":true},"56":{"start":{"line":258,"column":8},"end":{"line":286,"column":9},"skip":true},"57":{"start":{"line":259,"column":12},"end":{"line":269,"column":14},"skip":true},"58":{"start":{"line":271,"column":12},"end":{"line":285,"column":19},"skip":true},"59":{"start":{"line":274,"column":20},"end":{"line":274,"column":35},"skip":true},"60":{"start":{"line":275,"column":20},"end":{"line":284,"column":21},"skip":true},"61":{"start":{"line":277,"column":24},"end":{"line":277,"column":64},"skip":true},"62":{"start":{"line":279,"column":24},"end":{"line":279,"column":40},"skip":true},"63":{"start":{"line":281,"column":24},"end":{"line":281,"column":40},"skip":true},"64":{"start":{"line":283,"column":24},"end":{"line":283,"column":39},"skip":true},"65":{"start":{"line":288,"column":8},"end":{"line":290,"column":9},"skip":true},"66":{"start":{"line":289,"column":12},"end":{"line":289,"column":18},"skip":true},"67":{"start":{"line":291,"column":8},"end":{"line":293,"column":54},"skip":true},"68":{"start":{"line":296,"column":8},"end":{"line":301,"column":37},"skip":true},"69":{"start":{"line":303,"column":8},"end":{"line":303,"column":82},"skip":true},"70":{"start":{"line":306,"column":8},"end":{"line":308,"column":9},"skip":true},"71":{"start":{"line":307,"column":12},"end":{"line":307,"column":82},"skip":true},"72":{"start":{"line":310,"column":8},"end":{"line":312,"column":9},"skip":true},"73":{"start":{"line":311,"column":12},"end":{"line":311,"column":18},"skip":true},"74":{"start":{"line":313,"column":8},"end":{"line":313,"column":54},"skip":true},"75":{"start":{"line":314,"column":8},"end":{"line":314,"column":69},"skip":true},"76":{"start":{"line":315,"column":8},"end":{"line":323,"column":36},"skip":true},"77":{"start":{"line":316,"column":12},"end":{"line":316,"column":61},"skip":true},"78":{"start":{"line":317,"column":12},"end":{"line":320,"column":13},"skip":true},"79":{"start":{"line":318,"column":16},"end":{"line":318,"column":75},"skip":true},"80":{"start":{"line":319,"column":16},"end":{"line":319,"column":23},"skip":true},"81":{"start":{"line":321,"column":12},"end":{"line":321,"column":38},"skip":true},"82":{"start":{"line":322,"column":12},"end":{"line":322,"column":27},"skip":true},"83":{"start":{"line":324,"column":8},"end":{"line":324,"column":14},"skip":true}},"branchMap":{"1":{"line":39,"type":"binary-expr","locations":[{"start":{"line":39,"column":23},"end":{"line":39,"column":62}},{"start":{"line":40,"column":20},"end":{"line":40,"column":70}},{"start":{"line":41,"column":20},"end":{"line":41,"column":71}},{"start":{"line":42,"column":20},"end":{"line":42,"column":29}}]},"2":{"line":44,"type":"binary-expr","locations":[{"start":{"line":44,"column":23},"end":{"line":44,"column":37}},{"start":{"line":45,"column":20},"end":{"line":45,"column":61}},{"start":{"line":46,"column":20},"end":{"line":46,"column":70}},{"start":{"line":47,"column":20},"end":{"line":47,"column":26}}]},"3":{"line":51,"type":"cond-expr","locations":[{"start":{"line":52,"column":14},"end":{"line":52,"column":20}},{"start":{"line":53,"column":14},"end":{"line":53,"column":20}}]},"4":{"line":55,"type":"binary-expr","locations":[{"start":{"line":55,"column":16},"end":{"line":55,"column":44}},{"start":{"line":55,"column":49},"end":{"line":57,"column":43}}]},"5":{"line":55,"type":"cond-expr","locations":[{"start":{"line":56,"column":14},"end":{"line":56,"column":60}},{"start":{"line":57,"column":14},"end":{"line":57,"column":43}}]},"6":{"line":61,"type":"switch","locations":[{"start":{"line":68,"column":4},"end":{"line":150,"column":14},"skip":true},{"start":{"line":156,"column":4},"end":{"line":324,"column":14},"skip":true}]},"7":{"line":70,"type":"if","locations":[{"start":{"line":70,"column":12},"end":{"line":70,"column":12},"skip":true},{"start":{"line":70,"column":12},"end":{"line":70,"column":12},"skip":true}]},"8":{"line":70,"type":"binary-expr","locations":[{"start":{"line":70,"column":16},"end":{"line":70,"column":22},"skip":true},{"start":{"line":70,"column":27},"end":{"line":70,"column":32},"skip":true},{"start":{"line":71,"column":20},"end":{"line":71,"column":39},"skip":true},{"start":{"line":72,"column":20},"end":{"line":72,"column":49},"skip":true},{"start":{"line":73,"column":20},"end":{"line":73,"column":58},"skip":true},{"start":{"line":74,"column":20},"end":{"line":74,"column":69},"skip":true}]},"9":{"line":79,"type":"switch","locations":[{"start":{"line":80,"column":20},"end":{"line":80,"column":33},"skip":true},{"start":{"line":81,"column":20},"end":{"line":83,"column":30},"skip":true},{"start":{"line":84,"column":20},"end":{"line":85,"column":49},"skip":true}]},"10":{"line":89,"type":"switch","locations":[{"start":{"line":90,"column":12},"end":{"line":103,"column":22},"skip":true},{"start":{"line":105,"column":12},"end":{"line":106,"column":22},"skip":true}]},"11":{"line":89,"type":"binary-expr","locations":[{"start":{"line":89,"column":20},"end":{"line":89,"column":25},"skip":true},{"start":{"line":89,"column":29},"end":{"line":89,"column":48},"skip":true},{"start":{"line":89,"column":52},"end":{"line":89,"column":74},"skip":true}]},"12":{"line":92,"type":"if","locations":[{"start":{"line":92,"column":16},"end":{"line":92,"column":16},"skip":true},{"start":{"line":92,"column":16},"end":{"line":92,"column":16},"skip":true}]},"13":{"line":108,"type":"if","locations":[{"start":{"line":108,"column":12},"end":{"line":108,"column":12},"skip":true},{"start":{"line":108,"column":12},"end":{"line":108,"column":12},"skip":true}]},"14":{"line":108,"type":"binary-expr","locations":[{"start":{"line":108,"column":16},"end":{"line":108,"column":61},"skip":true},{"start":{"line":108,"column":66},"end":{"line":108,"column":72},"skip":true},{"start":{"line":108,"column":77},"end":{"line":108,"column":82},"skip":true},{"start":{"line":109,"column":20},"end":{"line":109,"column":39},"skip":true},{"start":{"line":110,"column":20},"end":{"line":110,"column":49},"skip":true},{"start":{"line":111,"column":20},"end":{"line":111,"column":58},"skip":true},{"start":{"line":112,"column":20},"end":{"line":112,"column":68},"skip":true}]},"15":{"line":129,"type":"if","locations":[{"start":{"line":129,"column":16},"end":{"line":129,"column":16},"skip":true},{"start":{"line":129,"column":16},"end":{"line":129,"column":16},"skip":true}]},"16":{"line":134,"type":"cond-expr","locations":[{"start":{"line":135,"column":26},"end":{"line":135,"column":29},"skip":true},{"start":{"line":136,"column":26},"end":{"line":136,"column":54},"skip":true}]},"17":{"line":164,"type":"binary-expr","locations":[{"start":{"line":164,"column":27},"end":{"line":164,"column":43},"skip":true},{"start":{"line":164,"column":47},"end":{"line":164,"column":49},"skip":true}]},"18":{"line":258,"type":"if","locations":[{"start":{"line":258,"column":8},"end":{"line":258,"column":8},"skip":true},{"start":{"line":258,"column":8},"end":{"line":258,"column":8},"skip":true}]},"19":{"line":275,"type":"switch","locations":[{"start":{"line":276,"column":20},"end":{"line":277,"column":64},"skip":true},{"start":{"line":278,"column":20},"end":{"line":279,"column":40},"skip":true},{"start":{"line":280,"column":20},"end":{"line":281,"column":40},"skip":true},{"start":{"line":282,"column":20},"end":{"line":283,"column":39},"skip":true}]},"20":{"line":288,"type":"if","locations":[{"start":{"line":288,"column":8},"end":{"line":288,"column":8},"skip":true},{"start":{"line":288,"column":8},"end":{"line":288,"column":8},"skip":true}]},"21":{"line":288,"type":"binary-expr","locations":[{"start":{"line":288,"column":12},"end":{"line":288,"column":40},"skip":true},{"start":{"line":288,"column":44},"end":{"line":288,"column":67},"skip":true}]},"22":{"line":292,"type":"binary-expr","locations":[{"start":{"line":292,"column":12},"end":{"line":292,"column":50},"skip":true},{"start":{"line":293,"column":12},"end":{"line":293,"column":53},"skip":true}]},"23":{"line":297,"type":"binary-expr","locations":[{"start":{"line":297,"column":12},"end":{"line":297,"column":74},"skip":true},{"start":{"line":298,"column":12},"end":{"line":301,"column":36},"skip":true}]},"24":{"line":303,"type":"binary-expr","locations":[{"start":{"line":303,"column":43},"end":{"line":303,"column":75},"skip":true},{"start":{"line":303,"column":79},"end":{"line":303,"column":81},"skip":true}]},"25":{"line":306,"type":"if","locations":[{"start":{"line":306,"column":8},"end":{"line":306,"column":8},"skip":true},{"start":{"line":306,"column":8},"end":{"line":306,"column":8},"skip":true}]},"26":{"line":310,"type":"if","locations":[{"start":{"line":310,"column":8},"end":{"line":310,"column":8},"skip":true},{"start":{"line":310,"column":8},"end":{"line":310,"column":8},"skip":true}]},"27":{"line":313,"type":"binary-expr","locations":[{"start":{"line":313,"column":27},"end":{"line":313,"column":43},"skip":true},{"start":{"line":313,"column":47},"end":{"line":313,"column":53},"skip":true}]},"28":{"line":317,"type":"if","locations":[{"start":{"line":317,"column":12},"end":{"line":317,"column":12},"skip":true},{"start":{"line":317,"column":12},"end":{"line":317,"column":12},"skip":true}]}},"code":["/*","example.js","","quickstart example","","instruction","    1. save this script as example.js","    2. run the shell command:","        $ npm install npmtest-websocket-driver && PORT=8081 node example.js","    3. play with the browser-demo on http://127.0.0.1:8081","*/","","","","/* istanbul instrument in package npmtest_websocket_driver */","/*jslint","    bitwise: true,","    browser: true,","    maxerr: 8,","    maxlen: 96,","    node: true,","    nomen: true,","    regexp: true,","    stupid: true","*/","(function () {","    'use strict';","    var local;","","","","    // run shared js-env code - pre-init","    (function () {","        // init local","        local = {};","        // init modeJs","        local.modeJs = (function () {","            try {","                return typeof navigator.userAgent === 'string' &&","                    typeof document.querySelector('body') === 'object' &&","                    typeof XMLHttpRequest.prototype.open === 'function' &&","                    'browser';","            } catch (errorCaughtBrowser) {","                return module.exports &&","                    typeof process.versions.node === 'string' &&","                    typeof require('http').createServer === 'function' &&","                    'node';","            }","        }());","        // init global","        local.global = local.modeJs === 'browser'","            ? window","            : global;","        // init utility2_rollup","        local = local.global.utility2_rollup || (local.modeJs === 'browser'","            ? local.global.utility2_npmtest_websocket_driver","            : global.utility2_moduleExports);","        // export local","        local.global.local = local;","    }());","    switch (local.modeJs) {","","","","    // post-init","    // run browser js-env code - post-init","    /* istanbul ignore next */","    case 'browser':","        local.testRunBrowser = function (event) {","            if (!event || (event &&","                    event.currentTarget &&","                    event.currentTarget.className &&","                    event.currentTarget.className.includes &&","                    event.currentTarget.className.includes('onreset'))) {","                // reset output","                Array.from(","                    document.querySelectorAll('body > .resettable')","                ).forEach(function (element) {","                    switch (element.tagName) {","                    case 'INPUT':","                    case 'TEXTAREA':","                        element.value = '';","                        break;","                    default:","                        element.textContent = '';","                    }","                });","            }","            switch (event && event.currentTarget && event.currentTarget.id) {","            case 'testRunButton1':","                // show tests","                if (document.querySelector('#testReportDiv1').style.display === 'none') {","                    document.querySelector('#testReportDiv1').style.display = 'block';","                    document.querySelector('#testRunButton1').textContent =","                        'hide internal test';","                    local.modeTest = true;","                    local.testRunDefault(local);","                // hide tests","                } else {","                    document.querySelector('#testReportDiv1').style.display = 'none';","                    document.querySelector('#testRunButton1').textContent = 'run internal test';","                }","                break;","            // custom-case","            default:","                break;","            }","            if (document.querySelector('#inputTextareaEval1') && (!event || (event &&","                    event.currentTarget &&","                    event.currentTarget.className &&","                    event.currentTarget.className.includes &&","                    event.currentTarget.className.includes('oneval')))) {","                // try to eval input-code","                try {","                    /*jslint evil: true*/","                    eval(document.querySelector('#inputTextareaEval1').value);","                } catch (errorCaught) {","                    console.error(errorCaught);","                }","            }","        };","        // log stderr and stdout to #outputTextareaStdout1","        ['error', 'log'].forEach(function (key) {","            console[key + '_original'] = console[key];","            console[key] = function () {","                var element;","                console[key + '_original'].apply(console, arguments);","                element = document.querySelector('#outputTextareaStdout1');","                if (!element) {","                    return;","                }","                // append text to #outputTextareaStdout1","                element.value += Array.from(arguments).map(function (arg) {","                    return typeof arg === 'string'","                        ? arg","                        : JSON.stringify(arg, null, 4);","                }).join(' ') + '\\n';","                // scroll textarea to bottom","                element.scrollTop = element.scrollHeight;","            };","        });","        // init event-handling","        ['change', 'click', 'keyup'].forEach(function (event) {","            Array.from(document.querySelectorAll('.on' + event)).forEach(function (element) {","                element.addEventListener(event, local.testRunBrowser);","            });","        });","        // run tests","        local.testRunBrowser();","        break;","","","","    // run node js-env code - post-init","    /* istanbul ignore next */","    case 'node':","        // export local","        module.exports = local;","        // require modules","        local.fs = require('fs');","        local.http = require('http');","        local.url = require('url');","        // init assets","        local.assetsDict = local.assetsDict || {};","        /* jslint-ignore-begin */","        local.assetsDict['/assets.index.template.html'] = '\\","<!doctype html>\\n\\","<html lang=\"en\">\\n\\","<head>\\n\\","<meta charset=\"UTF-8\">\\n\\","<meta name=\"viewport\" content=\"width=device-width, initial-scale=1\">\\n\\","<title>{{env.npm_package_name}} (v{{env.npm_package_version}})</title>\\n\\","<style>\\n\\","/*csslint\\n\\","    box-sizing: false,\\n\\","    universal-selector: false\\n\\","*/\\n\\","* {\\n\\","    box-sizing: border-box;\\n\\","}\\n\\","body {\\n\\","    background: #dde;\\n\\","    font-family: Arial, Helvetica, sans-serif;\\n\\","    margin: 2rem;\\n\\","}\\n\\","body > * {\\n\\","    margin-bottom: 1rem;\\n\\","}\\n\\",".utility2FooterDiv {\\n\\","    margin-top: 20px;\\n\\","    text-align: center;\\n\\","}\\n\\","</style>\\n\\","<style>\\n\\","/*csslint\\n\\","*/\\n\\","textarea {\\n\\","    font-family: monospace;\\n\\","    height: 10rem;\\n\\","    width: 100%;\\n\\","}\\n\\","textarea[readonly] {\\n\\","    background: #ddd;\\n\\","}\\n\\","</style>\\n\\","</head>\\n\\","<body>\\n\\","<!-- utility2-comment\\n\\","<div id=\"ajaxProgressDiv1\" style=\"background: #d00; height: 2px; left: 0; margin: 0; padding: 0; position: fixed; top: 0; transition: background 0.5s, width 1.5s; width: 25%;\"></div>\\n\\","utility2-comment -->\\n\\","<h1>\\n\\","<!-- utility2-comment\\n\\","    <a\\n\\","        {{#if env.npm_package_homepage}}\\n\\","        href=\"{{env.npm_package_homepage}}\"\\n\\","        {{/if env.npm_package_homepage}}\\n\\","        target=\"_blank\"\\n\\","    >\\n\\","utility2-comment -->\\n\\","        {{env.npm_package_name}} (v{{env.npm_package_version}})\\n\\","<!-- utility2-comment\\n\\","    </a>\\n\\","utility2-comment -->\\n\\","</h1>\\n\\","<h3>{{env.npm_package_description}}</h3>\\n\\","<!-- utility2-comment\\n\\","<h4><a download href=\"assets.app.js\">download standalone app</a></h4>\\n\\","<button class=\"onclick onreset\" id=\"testRunButton1\">run internal test</button><br>\\n\\","<div id=\"testReportDiv1\" style=\"display: none;\"></div>\\n\\","utility2-comment -->\\n\\","\\n\\","\\n\\","\\n\\","<label>stderr and stdout</label>\\n\\","<textarea class=\"resettable\" id=\"outputTextareaStdout1\" readonly></textarea>\\n\\","<!-- utility2-comment\\n\\","{{#if isRollup}}\\n\\","<script src=\"assets.app.js\"></script>\\n\\","{{#unless isRollup}}\\n\\","utility2-comment -->\\n\\","<script src=\"assets.utility2.rollup.js\"></script>\\n\\","<script src=\"jsonp.utility2._stateInit?callback=window.utility2._stateInit\"></script>\\n\\","<script src=\"assets.npmtest_websocket_driver.rollup.js\"></script>\\n\\","<script src=\"assets.example.js\"></script>\\n\\","<script src=\"assets.test.js\"></script>\\n\\","<!-- utility2-comment\\n\\","{{/if isRollup}}\\n\\","utility2-comment -->\\n\\","<div class=\"utility2FooterDiv\">\\n\\","    [ this app was created with\\n\\","    <a href=\"https://github.com/kaizhu256/node-utility2\" target=\"_blank\">utility2</a>\\n\\","    ]\\n\\","</div>\\n\\","</body>\\n\\","</html>\\n\\","';","        /* jslint-ignore-end */","        if (local.templateRender) {","            local.assetsDict['/'] = local.templateRender(","                local.assetsDict['/assets.index.template.html'],","                {","                    env: local.objectSetDefault(local.env, {","                        npm_package_description: 'the greatest app in the world!',","                        npm_package_name: 'my-app',","                        npm_package_nameAlias: 'my_app',","                        npm_package_version: '0.0.1'","                    })","                }","            );","        } else {","            local.assetsDict['/'] = local.assetsDict['/assets.index.template.html']","                .replace((/\\{\\{env\\.(\\w+?)\\}\\}/g), function (match0, match1) {","                    // jslint-hack","                    String(match0);","                    switch (match1) {","                    case 'npm_package_description':","                        return 'the greatest app in the world!';","                    case 'npm_package_name':","                        return 'my-app';","                    case 'npm_package_nameAlias':","                        return 'my_app';","                    case 'npm_package_version':","                        return '0.0.1';","                    }","                });","        }","        // run the cli","        if (local.global.utility2_rollup || module !== require.main) {","            break;","        }","        local.assetsDict['/assets.example.js'] =","            local.assetsDict['/assets.example.js'] ||","            local.fs.readFileSync(__filename, 'utf8');","        // bug-workaround - long $npm_package_buildCustomOrg","        /* jslint-ignore-begin */","        local.assetsDict['/assets.npmtest_websocket_driver.rollup.js'] =","            local.assetsDict['/assets.npmtest_websocket_driver.rollup.js'] ||","            local.fs.readFileSync(","                local.npmtest_websocket_driver.__dirname + '/lib.npmtest_websocket_driver.js',","                'utf8'","            ).replace((/^#!/), '//');","        /* jslint-ignore-end */","        local.assetsDict['/favicon.ico'] = local.assetsDict['/favicon.ico'] || '';","        // if $npm_config_timeout_exit exists,","        // then exit this process after $npm_config_timeout_exit ms","        if (Number(process.env.npm_config_timeout_exit)) {","            setTimeout(process.exit, Number(process.env.npm_config_timeout_exit));","        }","        // start server","        if (local.global.utility2_serverHttp1) {","            break;","        }","        process.env.PORT = process.env.PORT || '8081';","        console.error('server starting on port ' + process.env.PORT);","        local.http.createServer(function (request, response) {","            request.urlParsed = local.url.parse(request.url);","            if (local.assetsDict[request.urlParsed.pathname] !== undefined) {","                response.end(local.assetsDict[request.urlParsed.pathname]);","                return;","            }","            response.statusCode = 404;","            response.end();","        }).listen(process.env.PORT);","        break;","    }","}());",""],"l":{"26":2,"28":2,"33":2,"35":2,"37":2,"38":2,"39":2,"44":1,"51":2,"55":2,"59":2,"61":2,"69":1,"70":2,"76":2,"79":2,"82":2,"83":2,"85":1,"89":2,"92":1,"93":1,"94":1,"96":1,"97":1,"100":1,"101":1,"103":1,"106":1,"108":2,"114":1,"116":1,"118":1,"123":1,"124":2,"125":2,"126":3,"127":3,"128":3,"129":3,"130":1,"133":3,"134":3,"139":3,"143":1,"144":3,"145":1,"149":1,"150":1,"158":1,"160":1,"161":1,"162":1,"164":1,"166":1,"258":1,"259":1,"271":1,"274":6,"275":6,"277":1,"279":2,"281":1,"283":2,"288":1,"289":1,"291":1,"296":1,"303":1,"306":1,"307":1,"310":1,"311":1,"313":1,"314":1,"315":1,"316":1,"317":1,"318":1,"319":1,"321":1,"322":1,"324":1}},"/home/travis/build/npmtest/node-npmtest-websocket-driver/node_modules/websocket-driver/lib/websocket/driver.js":{"path":"/home/travis/build/npmtest/node-npmtest-websocket-driver/node_modules/websocket-driver/lib/websocket/driver.js","s":{"1":1,"2":1,"3":0,"4":0,"5":0,"6":0,"7":0,"8":0,"9":0,"10":0,"11":0,"12":0,"13":0,"14":0,"15":0,"16":0,"17":0,"18":1},"b":{"1":[0,0],"2":[0,0],"3":[0,0],"4":[0,0],"5":[0,0],"6":[0,0],"7":[0,0],"8":[0,0,0]},"f":{"1":0,"2":0,"3":0,"4":0,"5":0,"6":0},"fnMap":{"1":{"name":"(anonymous_1)","line":14,"loc":{"start":{"line":14,"column":10},"end":{"line":14,"column":33}}},"2":{"name":"(anonymous_2)","line":20,"loc":{"start":{"line":20,"column":10},"end":{"line":20,"column":28}}},"3":{"name":"(anonymous_3)","line":26,"loc":{"start":{"line":26,"column":8},"end":{"line":26,"column":19}}},"4":{"name":"(anonymous_4)","line":30,"loc":{"start":{"line":30,"column":19},"end":{"line":30,"column":37}}},"5":{"name":"(anonymous_5)","line":34,"loc":{"start":{"line":34,"column":15},"end":{"line":34,"column":33}}},"6":{"name":"(anonymous_6)","line":45,"loc":{"start":{"line":45,"column":19},"end":{"line":45,"column":48}}}},"statementMap":{"1":{"start":{"line":9,"column":0},"end":{"line":11,"column":40}},"2":{"start":{"line":13,"column":0},"end":{"line":48,"column":2}},"3":{"start":{"line":15,"column":4},"end":{"line":15,"column":28}},"4":{"start":{"line":16,"column":4},"end":{"line":16,"column":62}},"5":{"start":{"line":16,"column":39},"end":{"line":16,"column":62}},"6":{"start":{"line":17,"column":4},"end":{"line":17,"column":36}},"7":{"start":{"line":21,"column":4},"end":{"line":21,"column":28}},"8":{"start":{"line":22,"column":4},"end":{"line":22,"column":76}},"9":{"start":{"line":22,"column":46},"end":{"line":22,"column":76}},"10":{"start":{"line":23,"column":4},"end":{"line":23,"column":31}},"11":{"start":{"line":27,"column":4},"end":{"line":27,"column":48}},"12":{"start":{"line":31,"column":4},"end":{"line":31,"column":43}},"13":{"start":{"line":35,"column":4},"end":{"line":35,"column":47}},"14":{"start":{"line":35,"column":34},"end":{"line":35,"column":47}},"15":{"start":{"line":37,"column":4},"end":{"line":38,"column":51}},"16":{"start":{"line":40,"column":4},"end":{"line":42,"column":49}},"17":{"start":{"line":46,"column":4},"end":{"line":46,"column":45}},"18":{"start":{"line":50,"column":0},"end":{"line":50,"column":24}}},"branchMap":{"1":{"line":15,"type":"binary-expr","locations":[{"start":{"line":15,"column":14},"end":{"line":15,"column":21}},{"start":{"line":15,"column":25},"end":{"line":15,"column":27}}]},"2":{"line":16,"type":"if","locations":[{"start":{"line":16,"column":4},"end":{"line":16,"column":4}},{"start":{"line":16,"column":4},"end":{"line":16,"column":4}}]},"3":{"line":21,"type":"binary-expr","locations":[{"start":{"line":21,"column":14},"end":{"line":21,"column":21}},{"start":{"line":21,"column":25},"end":{"line":21,"column":27}}]},"4":{"line":22,"type":"if","locations":[{"start":{"line":22,"column":4},"end":{"line":22,"column":4}},{"start":{"line":22,"column":4},"end":{"line":22,"column":4}}]},"5":{"line":35,"type":"if","locations":[{"start":{"line":35,"column":4},"end":{"line":35,"column":4}},{"start":{"line":35,"column":4},"end":{"line":35,"column":4}}]},"6":{"line":37,"type":"binary-expr","locations":[{"start":{"line":37,"column":21},"end":{"line":37,"column":47}},{"start":{"line":37,"column":51},"end":{"line":37,"column":53}}]},"7":{"line":38,"type":"binary-expr","locations":[{"start":{"line":38,"column":21},"end":{"line":38,"column":44}},{"start":{"line":38,"column":48},"end":{"line":38,"column":50}}]},"8":{"line":40,"type":"binary-expr","locations":[{"start":{"line":40,"column":11},"end":{"line":40,"column":35}},{"start":{"line":41,"column":11},"end":{"line":41,"column":74}},{"start":{"line":42,"column":11},"end":{"line":42,"column":48}}]}},"code":["'use strict';","","// Protocol references:","// ","// * http://tools.ietf.org/html/draft-hixie-thewebsocketprotocol-75","// * http://tools.ietf.org/html/draft-hixie-thewebsocketprotocol-76","// * http://tools.ietf.org/html/draft-ietf-hybi-thewebsocketprotocol-17","","var Base   = require('./driver/base'),","    Client = require('./driver/client'),","    Server = require('./driver/server');","","var Driver = {","  client: function(url, options) {","    options = options || {};","    if (options.masking === undefined) options.masking = true;","    return new Client(url, options);","  },","","  server: function(options) {","    options = options || {};","    if (options.requireMasking === undefined) options.requireMasking = true;","    return new Server(options);","  },","","  http: function() {","    return Server.http.apply(Server, arguments);","  },","","  isSecureRequest: function(request) {","    return Server.isSecureRequest(request);","  },","","  isWebSocket: function(request) {","    if (request.method !== 'GET') return false;","","    var connection = request.headers.connection || '',","        upgrade    = request.headers.upgrade || '';","","    return request.method === 'GET' &&","           connection.toLowerCase().split(/ *, */).indexOf('upgrade') >= 0 &&","           upgrade.toLowerCase() === 'websocket';","  },","","  validateOptions: function(options, validKeys) {","    Base.validateOptions(options, validKeys);","  }","};","","module.exports = Driver;",""],"l":{"9":1,"13":1,"15":0,"16":0,"17":0,"21":0,"22":0,"23":0,"27":0,"31":0,"35":0,"37":0,"40":0,"46":0,"50":1}},"/home/travis/build/npmtest/node-npmtest-websocket-driver/node_modules/websocket-driver/lib/websocket/driver/base.js":{"path":"/home/travis/build/npmtest/node-npmtest-websocket-driver/node_modules/websocket-driver/lib/websocket/driver/base.js","s":{"1":1,"2":1,"3":0,"4":0,"5":0,"6":0,"7":0,"8":0,"9":0,"10":0,"11":0,"12":0,"13":0,"14":0,"15":0,"16":1,"17":1,"18":0,"19":0,"20":0,"21":1,"22":0,"23":0,"24":0,"25":0,"26":0,"27":0,"28":0,"29":0,"30":0,"31":0,"32":0,"33":0,"34":0,"35":0,"36":0,"37":0,"38":0,"39":0,"40":0,"41":0,"42":0,"43":0,"44":0,"45":0,"46":0,"47":0,"48":0,"49":0,"50":0,"51":0,"52":0,"53":0,"54":0,"55":0,"56":0,"57":0,"58":0,"59":0,"60":0,"61":0,"62":0,"63":0,"64":0,"65":0,"66":0,"67":0,"68":0,"69":0,"70":0,"71":0,"72":1,"73":15,"74":1,"75":1,"76":1,"77":0,"78":0,"79":1,"80":0,"81":1},"b":{"1":[0,0],"2":[0,0],"3":[0,0],"4":[0,0],"5":[0,0],"6":[0,0],"7":[0,0],"8":[0,0],"9":[0,0],"10":[0,0],"11":[0,0],"12":[0,0],"13":[0,0],"14":[0,0]},"f":{"1":0,"2":0,"3":0,"4":0,"5":0,"6":0,"7":0,"8":0,"9":0,"10":0,"11":0,"12":0,"13":0,"14":0,"15":0,"16":0,"17":0,"18":0,"19":0,"20":0,"21":0,"22":0,"23":0,"24":0},"fnMap":{"1":{"name":"(anonymous_1)","line":9,"loc":{"start":{"line":9,"column":11},"end":{"line":9,"column":43}}},"2":{"name":"(anonymous_2)","line":28,"loc":{"start":{"line":28,"column":23},"end":{"line":28,"column":52}}},"3":{"name":"(anonymous_3)","line":42,"loc":{"start":{"line":42,"column":23},"end":{"line":42,"column":34}}},"4":{"name":"(anonymous_4)","line":46,"loc":{"start":{"line":46,"column":30},"end":{"line":46,"column":41}}},"5":{"name":"(anonymous_5)","line":48,"loc":{"start":{"line":48,"column":23},"end":{"line":48,"column":39}}},"6":{"name":"(anonymous_6)","line":53,"loc":{"start":{"line":53,"column":21},"end":{"line":53,"column":37}}},"7":{"name":"(anonymous_7)","line":58,"loc":{"start":{"line":58,"column":21},"end":{"line":58,"column":32}}},"8":{"name":"(anonymous_8)","line":66,"loc":{"start":{"line":66,"column":12},"end":{"line":66,"column":23}}},"9":{"name":"(anonymous_9)","line":70,"loc":{"start":{"line":70,"column":16},"end":{"line":70,"column":36}}},"10":{"name":"(anonymous_10)","line":74,"loc":{"start":{"line":74,"column":13},"end":{"line":74,"column":35}}},"11":{"name":"(anonymous_11)","line":80,"loc":{"start":{"line":80,"column":9},"end":{"line":80,"column":20}}},"12":{"name":"(anonymous_12)","line":89,"loc":{"start":{"line":89,"column":8},"end":{"line":89,"column":26}}},"13":{"name":"(anonymous_13)","line":93,"loc":{"start":{"line":93,"column":10},"end":{"line":93,"column":28}}},"14":{"name":"(anonymous_14)","line":97,"loc":{"start":{"line":97,"column":8},"end":{"line":97,"column":19}}},"15":{"name":"(anonymous_15)","line":101,"loc":{"start":{"line":101,"column":8},"end":{"line":101,"column":19}}},"16":{"name":"(anonymous_16)","line":105,"loc":{"start":{"line":105,"column":9},"end":{"line":105,"column":32}}},"17":{"name":"(anonymous_17)","line":112,"loc":{"start":{"line":112,"column":9},"end":{"line":112,"column":20}}},"18":{"name":"(anonymous_18)","line":114,"loc":{"start":{"line":114,"column":25},"end":{"line":114,"column":40}}},"19":{"name":"(anonymous_19)","line":119,"loc":{"start":{"line":119,"column":10},"end":{"line":119,"column":28}}},"20":{"name":"(anonymous_20)","line":124,"loc":{"start":{"line":124,"column":10},"end":{"line":124,"column":26}}},"21":{"name":"(anonymous_21)","line":134,"loc":{"start":{"line":134,"column":20},"end":{"line":134,"column":31}}},"22":{"name":"(anonymous_22)","line":136,"loc":{"start":{"line":136,"column":17},"end":{"line":136,"column":28}}},"23":{"name":"(anonymous_23)","line":138,"loc":{"start":{"line":138,"column":18},"end":{"line":138,"column":41}}},"24":{"name":"(anonymous_24)","line":143,"loc":{"start":{"line":143,"column":20},"end":{"line":143,"column":35}}}},"statementMap":{"1":{"start":{"line":3,"column":0},"end":{"line":7,"column":41}},"2":{"start":{"line":9,"column":0},"end":{"line":25,"column":2}},"3":{"start":{"line":10,"column":2},"end":{"line":10,"column":21}},"4":{"start":{"line":11,"column":2},"end":{"line":11,"column":95}},"5":{"start":{"line":13,"column":2},"end":{"line":13,"column":28}},"6":{"start":{"line":14,"column":2},"end":{"line":14,"column":33}},"7":{"start":{"line":15,"column":2},"end":{"line":15,"column":34}},"8":{"start":{"line":16,"column":2},"end":{"line":16,"column":63}},"9":{"start":{"line":17,"column":2},"end":{"line":17,"column":34}},"10":{"start":{"line":18,"column":2},"end":{"line":18,"column":23}},"11":{"start":{"line":19,"column":2},"end":{"line":19,"column":22}},"12":{"start":{"line":20,"column":2},"end":{"line":20,"column":24}},"13":{"start":{"line":22,"column":2},"end":{"line":22,"column":33}},"14":{"start":{"line":23,"column":2},"end":{"line":23,"column":45}},"15":{"start":{"line":24,"column":2},"end":{"line":24,"column":29}},"16":{"start":{"line":26,"column":0},"end":{"line":26,"column":29}},"17":{"start":{"line":28,"column":0},"end":{"line":33,"column":2}},"18":{"start":{"line":29,"column":2},"end":{"line":32,"column":3}},"19":{"start":{"line":30,"column":4},"end":{"line":31,"column":53}},"20":{"start":{"line":31,"column":6},"end":{"line":31,"column":53}},"21":{"start":{"line":35,"column":0},"end":{"line":128,"column":2}},"22":{"start":{"line":43,"column":4},"end":{"line":43,"column":20}},"23":{"start":{"line":46,"column":4},"end":{"line":46,"column":45}},"24":{"start":{"line":48,"column":4},"end":{"line":51,"column":7}},"25":{"start":{"line":49,"column":6},"end":{"line":49,"column":35}},"26":{"start":{"line":50,"column":6},"end":{"line":50,"column":63}},"27":{"start":{"line":50,"column":29},"end":{"line":50,"column":63}},"28":{"start":{"line":53,"column":4},"end":{"line":56,"column":7}},"29":{"start":{"line":54,"column":6},"end":{"line":54,"column":35}},"30":{"start":{"line":55,"column":6},"end":{"line":55,"column":59}},"31":{"start":{"line":55,"column":29},"end":{"line":55,"column":59}},"32":{"start":{"line":58,"column":4},"end":{"line":63,"column":7}},"33":{"start":{"line":59,"column":6},"end":{"line":59,"column":35}},"34":{"start":{"line":60,"column":6},"end":{"line":60,"column":37}},"35":{"start":{"line":60,"column":30},"end":{"line":60,"column":37}},"36":{"start":{"line":61,"column":6},"end":{"line":61,"column":52}},"37":{"start":{"line":62,"column":6},"end":{"line":62,"column":27}},"38":{"start":{"line":67,"column":4},"end":{"line":67,"column":48}},"39":{"start":{"line":71,"column":4},"end":{"line":71,"column":17}},"40":{"start":{"line":75,"column":4},"end":{"line":75,"column":42}},"41":{"start":{"line":75,"column":29},"end":{"line":75,"column":42}},"42":{"start":{"line":76,"column":4},"end":{"line":76,"column":35}},"43":{"start":{"line":77,"column":4},"end":{"line":77,"column":16}},"44":{"start":{"line":81,"column":4},"end":{"line":81,"column":44}},"45":{"start":{"line":81,"column":31},"end":{"line":81,"column":44}},"46":{"start":{"line":82,"column":4},"end":{"line":82,"column":45}},"47":{"start":{"line":83,"column":4},"end":{"line":83,"column":32}},"48":{"start":{"line":83,"column":19},"end":{"line":83,"column":32}},"49":{"start":{"line":84,"column":4},"end":{"line":84,"column":26}},"50":{"start":{"line":85,"column":4},"end":{"line":85,"column":41}},"51":{"start":{"line":85,"column":28},"end":{"line":85,"column":41}},"52":{"start":{"line":86,"column":4},"end":{"line":86,"column":16}},"53":{"start":{"line":90,"column":4},"end":{"line":90,"column":31}},"54":{"start":{"line":94,"column":4},"end":{"line":94,"column":17}},"55":{"start":{"line":98,"column":4},"end":{"line":98,"column":17}},"56":{"start":{"line":102,"column":6},"end":{"line":102,"column":19}},"57":{"start":{"line":106,"column":4},"end":{"line":106,"column":44}},"58":{"start":{"line":106,"column":31},"end":{"line":106,"column":44}},"59":{"start":{"line":107,"column":4},"end":{"line":107,"column":24}},"60":{"start":{"line":108,"column":4},"end":{"line":108,"column":56}},"61":{"start":{"line":109,"column":4},"end":{"line":109,"column":16}},"62":{"start":{"line":113,"column":4},"end":{"line":113,"column":24}},"63":{"start":{"line":114,"column":4},"end":{"line":114,"column":80}},"64":{"start":{"line":114,"column":42},"end":{"line":114,"column":71}},"65":{"start":{"line":115,"column":4},"end":{"line":115,"column":22}},"66":{"start":{"line":116,"column":4},"end":{"line":116,"column":44}},"67":{"start":{"line":120,"column":4},"end":{"line":120,"column":31}},"68":{"start":{"line":121,"column":4},"end":{"line":121,"column":16}},"69":{"start":{"line":125,"column":4},"end":{"line":125,"column":21}},"70":{"start":{"line":126,"column":4},"end":{"line":126,"column":44}},"71":{"start":{"line":126,"column":21},"end":{"line":126,"column":44}},"72":{"start":{"line":130,"column":0},"end":{"line":131,"column":38}},"73":{"start":{"line":131,"column":2},"end":{"line":131,"column":38}},"74":{"start":{"line":134,"column":0},"end":{"line":134,"column":34}},"75":{"start":{"line":136,"column":0},"end":{"line":136,"column":31}},"76":{"start":{"line":138,"column":0},"end":{"line":141,"column":2}},"77":{"start":{"line":139,"column":2},"end":{"line":139,"column":21}},"78":{"start":{"line":140,"column":2},"end":{"line":140,"column":23}},"79":{"start":{"line":143,"column":0},"end":{"line":145,"column":2}},"80":{"start":{"line":144,"column":2},"end":{"line":144,"column":19}},"81":{"start":{"line":147,"column":0},"end":{"line":147,"column":22}}},"branchMap":{"1":{"line":11,"type":"binary-expr","locations":[{"start":{"line":11,"column":23},"end":{"line":11,"column":30}},{"start":{"line":11,"column":34},"end":{"line":11,"column":36}}]},"2":{"line":15,"type":"binary-expr","locations":[{"start":{"line":15,"column":20},"end":{"line":15,"column":27}},{"start":{"line":15,"column":31},"end":{"line":15,"column":33}}]},"3":{"line":16,"type":"binary-expr","locations":[{"start":{"line":16,"column":20},"end":{"line":16,"column":43}},{"start":{"line":16,"column":47},"end":{"line":16,"column":62}}]},"4":{"line":30,"type":"if","locations":[{"start":{"line":30,"column":4},"end":{"line":30,"column":4}},{"start":{"line":30,"column":4},"end":{"line":30,"column":4}}]},"5":{"line":50,"type":"if","locations":[{"start":{"line":50,"column":6},"end":{"line":50,"column":6}},{"start":{"line":50,"column":6},"end":{"line":50,"column":6}}]},"6":{"line":55,"type":"if","locations":[{"start":{"line":55,"column":6},"end":{"line":55,"column":6}},{"start":{"line":55,"column":6},"end":{"line":55,"column":6}}]},"7":{"line":60,"type":"if","locations":[{"start":{"line":60,"column":6},"end":{"line":60,"column":6}},{"start":{"line":60,"column":6},"end":{"line":60,"column":6}}]},"8":{"line":67,"type":"binary-expr","locations":[{"start":{"line":67,"column":11},"end":{"line":67,"column":39}},{"start":{"line":67,"column":43},"end":{"line":67,"column":47}}]},"9":{"line":75,"type":"if","locations":[{"start":{"line":75,"column":4},"end":{"line":75,"column":4}},{"start":{"line":75,"column":4},"end":{"line":75,"column":4}}]},"10":{"line":81,"type":"if","locations":[{"start":{"line":81,"column":4},"end":{"line":81,"column":4}},{"start":{"line":81,"column":4},"end":{"line":81,"column":4}}]},"11":{"line":83,"type":"if","locations":[{"start":{"line":83,"column":4},"end":{"line":83,"column":4}},{"start":{"line":83,"column":4},"end":{"line":83,"column":4}}]},"12":{"line":85,"type":"if","locations":[{"start":{"line":85,"column":4},"end":{"line":85,"column":4}},{"start":{"line":85,"column":4},"end":{"line":85,"column":4}}]},"13":{"line":106,"type":"if","locations":[{"start":{"line":106,"column":4},"end":{"line":106,"column":4}},{"start":{"line":106,"column":4},"end":{"line":106,"column":4}}]},"14":{"line":126,"type":"if","locations":[{"start":{"line":126,"column":4},"end":{"line":126,"column":4}},{"start":{"line":126,"column":4},"end":{"line":126,"column":4}}]}},"code":["'use strict';","","var Emitter = require('events').EventEmitter,","    util    = require('util'),","    streams = require('../streams'),","    Headers = require('./headers'),","    Reader  = require('./stream_reader');","","var Base = function(request, url, options) {","  Emitter.call(this);","  Base.validateOptions(options || {}, ['maxLength', 'masking', 'requireMasking', 'protocols']);","","  this._request   = request;","  this._reader    = new Reader();","  this._options   = options || {};","  this._maxLength = this._options.maxLength || this.MAX_LENGTH;","  this._headers   = new Headers();","  this.__queue    = [];","  this.readyState = 0;","  this.url        = url;","","  this.io = new streams.IO(this);","  this.messages = new streams.Messages(this);","  this._bindEventListeners();","};","util.inherits(Base, Emitter);","","Base.validateOptions = function(options, validKeys) {","  for (var key in options) {","    if (validKeys.indexOf(key) < 0)","      throw new Error('Unrecognized option: ' + key);","  }","};","","var instance = {","  // This is 64MB, small enough for an average VPS to handle without","  // crashing from process out of memory","  MAX_LENGTH: 0x3ffffff,","","  STATES: ['connecting', 'open', 'closing', 'closed'],","","  _bindEventListeners: function() {","    var self = this;","","    // Protocol errors are informational and do not have to be handled","    this.messages.on('error', function() {});","","    this.on('message', function(event) {","      var messages = self.messages;","      if (messages.readable) messages.emit('data', event.data);","    });","","    this.on('error', function(error) {","      var messages = self.messages;","      if (messages.readable) messages.emit('error', error);","    });","","    this.on('close', function() {","      var messages = self.messages;","      if (!messages.readable) return;","      messages.readable = messages.writable = false;","      messages.emit('end');","    });","  },","","  getState: function() {","    return this.STATES[this.readyState] || null;","  },","","  addExtension: function(extension) {","    return false;","  },","","  setHeader: function(name, value) {","    if (this.readyState > 0) return false;","    this._headers.set(name, value);","    return true;","  },","","  start: function() {","    if (this.readyState !== 0) return false;","    var response = this._handshakeResponse();","    if (!response) return false;","    this._write(response);","    if (this._stage !== -1) this._open();","    return true;","  },","","  text: function(message) {","    return this.frame(message);","  },","","  binary: function(message) {","    return false;","  },","","  ping: function() {","    return false;","  },","","  pong: function() {","      return false;","  },","","  close: function(reason, code) {","    if (this.readyState !== 1) return false;","    this.readyState = 3;","    this.emit('close', new Base.CloseEvent(null, null));","    return true;","  },","","  _open: function() {","    this.readyState = 1;","    this.__queue.forEach(function(args) { this.frame.apply(this, args) }, this);","    this.__queue = [];","    this.emit('open', new Base.OpenEvent());","  },","","  _queue: function(message) {","    this.__queue.push(message);","    return true;","  },","","  _write: function(chunk) {","    var io = this.io;","    if (io.readable) io.emit('data', chunk);","  }","};","","for (var key in instance)","  Base.prototype[key] = instance[key];","","","Base.ConnectEvent = function() {};","","Base.OpenEvent = function() {};","","Base.CloseEvent = function(code, reason) {","  this.code   = code;","  this.reason = reason;","};","","Base.MessageEvent = function(data) {","  this.data = data;","};","","module.exports = Base;",""],"l":{"3":1,"9":1,"10":0,"11":0,"13":0,"14":0,"15":0,"16":0,"17":0,"18":0,"19":0,"20":0,"22":0,"23":0,"24":0,"26":1,"28":1,"29":0,"30":0,"31":0,"35":1,"43":0,"46":0,"48":0,"49":0,"50":0,"53":0,"54":0,"55":0,"58":0,"59":0,"60":0,"61":0,"62":0,"67":0,"71":0,"75":0,"76":0,"77":0,"81":0,"82":0,"83":0,"84":0,"85":0,"86":0,"90":0,"94":0,"98":0,"102":0,"106":0,"107":0,"108":0,"109":0,"113":0,"114":0,"115":0,"116":0,"120":0,"121":0,"125":0,"126":0,"130":1,"131":15,"134":1,"136":1,"138":1,"139":0,"140":0,"143":1,"144":0,"147":1}},"/home/travis/build/npmtest/node-npmtest-websocket-driver/node_modules/websocket-driver/lib/websocket/streams.js":{"path":"/home/travis/build/npmtest/node-npmtest-websocket-driver/node_modules/websocket-driver/lib/websocket/streams.js","s":{"1":1,"2":1,"3":0,"4":0,"5":0,"6":1,"7":1,"8":0,"9":0,"10":1,"11":0,"12":0,"13":0,"14":0,"15":0,"16":1,"17":0,"18":0,"19":0,"20":0,"21":1,"22":0,"23":0,"24":0,"25":0,"26":0,"27":0,"28":0,"29":0,"30":0,"31":1,"32":0,"33":1,"34":0,"35":0,"36":0,"37":1,"38":1,"39":0,"40":1,"41":0,"42":0,"43":1,"44":0,"45":0,"46":0,"47":0,"48":0,"49":0,"50":1,"51":0,"52":0,"53":1,"54":1,"55":1},"b":{"1":[0,0],"2":[0,0],"3":[0,0],"4":[0,0],"5":[0,0],"6":[0,0],"7":[0,0]},"f":{"1":0,"2":0,"3":0,"4":0,"5":0,"6":0,"7":0,"8":0,"9":0,"10":0,"11":0,"12":0},"fnMap":{"1":{"name":"(anonymous_1)","line":50,"loc":{"start":{"line":50,"column":9},"end":{"line":50,"column":26}}},"2":{"name":"(anonymous_2)","line":62,"loc":{"start":{"line":62,"column":21},"end":{"line":62,"column":32}}},"3":{"name":"(anonymous_3)","line":67,"loc":{"start":{"line":67,"column":22},"end":{"line":67,"column":33}}},"4":{"name":"(anonymous_4)","line":78,"loc":{"start":{"line":78,"column":21},"end":{"line":78,"column":37}}},"5":{"name":"(anonymous_5)","line":87,"loc":{"start":{"line":87,"column":19},"end":{"line":87,"column":35}}},"6":{"name":"(anonymous_6)","line":99,"loc":{"start":{"line":99,"column":23},"end":{"line":99,"column":34}}},"7":{"name":"(anonymous_7)","line":104,"loc":{"start":{"line":104,"column":15},"end":{"line":104,"column":32}}},"8":{"name":"(anonymous_8)","line":116,"loc":{"start":{"line":116,"column":27},"end":{"line":116,"column":38}}},"9":{"name":"(anonymous_9)","line":120,"loc":{"start":{"line":120,"column":28},"end":{"line":120,"column":39}}},"10":{"name":"(anonymous_10)","line":127,"loc":{"start":{"line":127,"column":27},"end":{"line":127,"column":45}}},"11":{"name":"(anonymous_11)","line":138,"loc":{"start":{"line":138,"column":25},"end":{"line":138,"column":43}}},"12":{"name":"(anonymous_12)","line":142,"loc":{"start":{"line":142,"column":29},"end":{"line":142,"column":40}}}},"statementMap":{"1":{"start":{"line":46,"column":0},"end":{"line":47,"column":29}},"2":{"start":{"line":50,"column":0},"end":{"line":54,"column":2}},"3":{"start":{"line":51,"column":2},"end":{"line":51,"column":39}},"4":{"start":{"line":52,"column":2},"end":{"line":52,"column":24}},"5":{"start":{"line":53,"column":2},"end":{"line":53,"column":25}},"6":{"start":{"line":55,"column":0},"end":{"line":55,"column":26}},"7":{"start":{"line":62,"column":0},"end":{"line":65,"column":2}},"8":{"start":{"line":63,"column":2},"end":{"line":63,"column":22}},"9":{"start":{"line":64,"column":2},"end":{"line":64,"column":39}},"10":{"start":{"line":67,"column":0},"end":{"line":74,"column":2}},"11":{"start":{"line":68,"column":2},"end":{"line":68,"column":23}},"12":{"start":{"line":69,"column":2},"end":{"line":69,"column":21}},"13":{"start":{"line":71,"column":2},"end":{"line":71,"column":39}},"14":{"start":{"line":72,"column":2},"end":{"line":72,"column":27}},"15":{"start":{"line":73,"column":2},"end":{"line":73,"column":25}},"16":{"start":{"line":78,"column":0},"end":{"line":82,"column":2}},"17":{"start":{"line":79,"column":2},"end":{"line":79,"column":35}},"18":{"start":{"line":79,"column":22},"end":{"line":79,"column":35}},"19":{"start":{"line":80,"column":2},"end":{"line":80,"column":28}},"20":{"start":{"line":81,"column":2},"end":{"line":81,"column":23}},"21":{"start":{"line":87,"column":0},"end":{"line":97,"column":2}},"22":{"start":{"line":88,"column":2},"end":{"line":88,"column":29}},"23":{"start":{"line":88,"column":22},"end":{"line":88,"column":29}},"24":{"start":{"line":89,"column":2},"end":{"line":89,"column":45}},"25":{"start":{"line":89,"column":27},"end":{"line":89,"column":45}},"26":{"start":{"line":90,"column":2},"end":{"line":90,"column":24}},"27":{"start":{"line":92,"column":2},"end":{"line":92,"column":39}},"28":{"start":{"line":93,"column":2},"end":{"line":96,"column":3}},"29":{"start":{"line":94,"column":4},"end":{"line":94,"column":50}},"30":{"start":{"line":95,"column":4},"end":{"line":95,"column":25}},"31":{"start":{"line":99,"column":0},"end":{"line":101,"column":2}},"32":{"start":{"line":100,"column":2},"end":{"line":100,"column":13}},"33":{"start":{"line":104,"column":0},"end":{"line":108,"column":2}},"34":{"start":{"line":105,"column":2},"end":{"line":105,"column":39}},"35":{"start":{"line":106,"column":2},"end":{"line":106,"column":24}},"36":{"start":{"line":107,"column":2},"end":{"line":107,"column":25}},"37":{"start":{"line":109,"column":0},"end":{"line":109,"column":32}},"38":{"start":{"line":116,"column":0},"end":{"line":118,"column":2}},"39":{"start":{"line":117,"column":2},"end":{"line":117,"column":33}},"40":{"start":{"line":120,"column":0},"end":{"line":123,"column":2}},"41":{"start":{"line":121,"column":2},"end":{"line":121,"column":34}},"42":{"start":{"line":122,"column":2},"end":{"line":122,"column":32}},"43":{"start":{"line":127,"column":0},"end":{"line":132,"column":2}},"44":{"start":{"line":128,"column":2},"end":{"line":128,"column":35}},"45":{"start":{"line":128,"column":22},"end":{"line":128,"column":35}},"46":{"start":{"line":129,"column":2},"end":{"line":130,"column":36}},"47":{"start":{"line":129,"column":35},"end":{"line":129,"column":62}},"48":{"start":{"line":130,"column":7},"end":{"line":130,"column":36}},"49":{"start":{"line":131,"column":2},"end":{"line":131,"column":23}},"50":{"start":{"line":138,"column":0},"end":{"line":140,"column":2}},"51":{"start":{"line":139,"column":2},"end":{"line":139,"column":49}},"52":{"start":{"line":139,"column":29},"end":{"line":139,"column":49}},"53":{"start":{"line":142,"column":0},"end":{"line":142,"column":43}},"54":{"start":{"line":145,"column":0},"end":{"line":145,"column":16}},"55":{"start":{"line":146,"column":0},"end":{"line":146,"column":28}}},"branchMap":{"1":{"line":79,"type":"if","locations":[{"start":{"line":79,"column":2},"end":{"line":79,"column":2}},{"start":{"line":79,"column":2},"end":{"line":79,"column":2}}]},"2":{"line":88,"type":"if","locations":[{"start":{"line":88,"column":2},"end":{"line":88,"column":2}},{"start":{"line":88,"column":2},"end":{"line":88,"column":2}}]},"3":{"line":89,"type":"if","locations":[{"start":{"line":89,"column":2},"end":{"line":89,"column":2}},{"start":{"line":89,"column":2},"end":{"line":89,"column":2}}]},"4":{"line":93,"type":"if","locations":[{"start":{"line":93,"column":2},"end":{"line":93,"column":2}},{"start":{"line":93,"column":2},"end":{"line":93,"column":2}}]},"5":{"line":128,"type":"if","locations":[{"start":{"line":128,"column":2},"end":{"line":128,"column":2}},{"start":{"line":128,"column":2},"end":{"line":128,"column":2}}]},"6":{"line":129,"type":"if","locations":[{"start":{"line":129,"column":2},"end":{"line":129,"column":2}},{"start":{"line":129,"column":2},"end":{"line":129,"column":2}}]},"7":{"line":139,"type":"if","locations":[{"start":{"line":139,"column":2},"end":{"line":139,"column":2}},{"start":{"line":139,"column":2},"end":{"line":139,"column":2}}]}},"code":["'use strict';","","/**","","Streams in a WebSocket connection","---------------------------------","","We model a WebSocket as two duplex streams: one stream is for the wire protocol","over an I/O socket, and the other is for incoming/outgoing messages.","","","                        +----------+      +---------+      +----------+","    [1] write(chunk) -->| ~~~~~~~~ +----->| parse() +----->| ~~~~~~~~ +--> emit('data') [2]","                        |          |      +----+----+      |          |","                        |          |           |           |          |","                        |    IO    |           | [5]       | Messages |","                        |          |           V           |          |","                        |          |      +---------+      |          |","    [4] emit('data') <--+ ~~~~~~~~ |<-----+ frame() |<-----+ ~~~~~~~~ |<-- write(chunk) [3]","                        +----------+      +---------+      +----------+","","","Message transfer in each direction is simple: IO receives a byte stream [1] and","sends this stream for parsing. The parser will periodically emit a complete","message text on the Messages s
[...]
"40":{"start":{"line":65,"column":12},"end":{"line":65,"column":65}},"41":{"start":{"line":68,"column":12},"end":{"line":75,"column":13}},"42":{"start":{"line":69,"column":14},"end":{"line":69,"column":33}},"43":{"start":{"line":70,"column":14},"end":{"line":71,"column":32}},"44":{"start":{"line":71,"column":16},"end":{"line":71,"column":32}},"45":{"start":{"line":73,"column":14},"end":{"line":73,"column":39}},"46":{"start":{"line":74,"column":14},"end":{"line":74,"column":77}},"47":{"start":{"line":74,"column":57},"end":{"line":74,"column":77}},"48":{"start":{"line":77,"column":10},"end":{"line":77,"column":16}},"49":{"start":{"line":83,"column":4},"end":{"line":83,"column":60}},"50":{"start":{"line":83,"column":31},"end":{"line":83,"column":60}},"51":{"start":{"line":84,"column":4},"end":{"line":84,"column":42}},"52":{"start":{"line":84,"column":29},"end":{"line":84,"column":42}},"53":{"start":{"line":86,"column":4},"end":{"line":86,"column":63}},"54":{"start":{"line":86,"column":36},"end":{"line":86,"column":63}},"55":{"start":{"line":88,"column":4},"end":{"line":89,"column":49}},"56":{"start":{"line":91,"column":4},"end":{"line":91,"column":20}},"57":{"start":{"line":92,"column":4},"end":{"line":92,"column":37}},"58":{"start":{"line":93,"column":4},"end":{"line":93,"column":27}},"59":{"start":{"line":95,"column":4},"end":{"line":95,"column":23}},"60":{"start":{"line":96,"column":4},"end":{"line":96,"column":16}},"61":{"start":{"line":100,"column":4},"end":{"line":101,"column":56}},"62":{"start":{"line":103,"column":4},"end":{"line":103,"column":52}},"63":{"start":{"line":107,"column":4},"end":{"line":115,"column":5}},"64":{"start":{"line":108,"column":6},"end":{"line":108,"column":23}},"65":{"start":{"line":109,"column":6},"end":{"line":109,"column":23}},"66":{"start":{"line":111,"column":6},"end":{"line":111,"column":26}},"67":{"start":{"line":112,"column":6},"end":{"line":112,"column":27}},"68":{"start":{"line":113,"column":6},"end":{"line":113,"column":24}},"69":{"start":{"line":114,"column":6},"end":{"line":114,"column":23}},"70":{"start":{"line":119,"column":0},"end":{"line":120,"column":41}},"71":{"start":{"line":120,"column":2},"end":{"line":120,"column":41}},"72":{"start":{"line":122,"column":0},"end":{"line":122,"column":25}}},"branchMap":{"1":{"line":20,"type":"if","locations":[{"start":{"line":20,"column":4},"end":{"line":20,"column":4}},{"start":{"line":20,"column":4},"end":{"line":20,"column":4}}]},"2":{"line":27,"type":"if","locations":[{"start":{"line":27,"column":4},"end":{"line":27,"column":4}},{"start":{"line":27,"column":4},"end":{"line":27,"column":4}}]},"3":{"line":34,"type":"switch","locations":[{"start":{"line":35,"column":8},"end":{"line":38,"column":16}},{"start":{"line":40,"column":8},"end":{"line":42,"column":16}},{"start":{"line":44,"column":8},"end":{"line":59,"column":16}},{"start":{"line":61,"column":8},"end":{"line":77,"column":16}}]},"4":{"line":47,"type":"if","locations":[{"start":{"line":47,"column":10},"end":{"line":47,"column":10}},{"start":{"line":47,"column":10},"end":{"line":47,"column":10}}]},"5":{"line":47,"type":"binary-expr","locations":[{"start":{"line":47,"column":14},"end":{"line":47,"column":27}},{"start":{"line":47,"column":31},"end":{"line":47,"column":49}}]},"6":{"line":50,"type":"if","locations":[{"start":{"line":50,"column":15},"end":{"line":50,"column":15}},{"start":{"line":50,"column":15},"end":{"line":50,"column":15}}]},"7":{"line":51,"type":"if","locations":[{"start":{"line":51,"column":12},"end":{"line":51,"column":12}},{"start":{"line":51,"column":12},"end":{"line":51,"column":12}}]},"8":{"line":62,"type":"if","locations":[{"start":{"line":62,"column":10},"end":{"line":62,"column":10}},{"start":{"line":62,"column":10},"end":{"line":62,"column":10}}]},"9":{"line":68,"type":"if","locations":[{"start":{"line":68,"column":12},"end":{"line":68,"column":12}},{"start":{"line":68,"column":12},"end":{"line":68,"column":12}}]},"10":{"line":70,"type":"if","locations":[{"start":{"line":70,"column":14},"end":{"line":70,"column":14}},{"start":{"line":70,"column":14},"end":{"line":70,"column":14}}]},"11":{"line":74,"type":"if","locations":[{"start":{"line":74,"column":14},"end":{"line":74,"column":14}},{"start":{"line":74,"column":14},"end":{"line":74,"column":14}}]},"12":{"line":83,"type":"if","locations":[{"start":{"line":83,"column":4},"end":{"line":83,"column":4}},{"start":{"line":83,"column":4},"end":{"line":83,"column":4}}]},"13":{"line":84,"type":"if","locations":[{"start":{"line":84,"column":4},"end":{"line":84,"column":4}},{"start":{"line":84,"column":4},"end":{"line":84,"column":4}}]},"14":{"line":86,"type":"if","locations":[{"start":{"line":86,"column":4},"end":{"line":86,"column":4}},{"start":{"line":86,"column":4},"end":{"line":86,"column":4}}]},"15":{"line":107,"type":"if","locations":[{"start":{"line":107,"column":4},"end":{"line":107,"column":4}},{"start":{"line":107,"column":4},"end":{"line":107,"column":4}}]}},"code":["'use strict';","","var Base = require('./base'),","    util = require('util');","","var Draft75 = function(request, url, options) {","  Base.apply(this, arguments);","  this._stage  = 0;","  this.version = 'hixie-75';","","  this._headers.set('Upgrade', 'WebSocket');","  this._headers.set('Connection', 'Upgrade');","  this._headers.set('WebSocket-Origin', this._request.headers.origin);","  this._headers.set('WebSocket-Location', this.url);","};","util.inherits(Draft75, Base);","","var instance = {","  close: function() {","    if (this.readyState === 3) return false;","    this.readyState = 3;","    this.emit('close', new Base.CloseEvent(null, null));","    return true;","  },","","  parse: function(chunk) {","    if (this.readyState > 1) return;","","    this._reader.put(chunk);","","    this._reader.eachByte(function(octet) {","      var message;","","      switch (this._stage) {","        case -1:","          this._body.push(octet);","          this._sendHandshakeBody();","          break;","","        case 0:","          this._parseLeadingByte(octet);","          break;","","        case 1:","          this._length = (octet & 0x7F) + 128 * this._length;","","          if (this._closing && this._length === 0) {","            return this.close();","          }","          else if ((octet & 0x80) !== 0x80) {","            if (this._length === 0) {","              this._stage = 0;","            }","            else {","              this._skipped = 0;","              this._stage   = 2;","            }","          }","          break;","","        case 2:","          if (octet === 0xFF) {","            this._stage = 0;","            message = new Buffer(this._buffer).toString('utf8', 0, this._buffer.length);","            this.emit('message', new Base.MessageEvent(message));","          }","          else {","            if (this._length) {","              this._skipped += 1;","              if (this._skipped === this._length)","                this._stage = 0;","            } else {","              this._buffer.push(octet);","              if (this._buffer.length > this._maxLength) return this.close();","            }","          }","          break;","      }","    }, this);","  },","","  frame: function(buffer) {","    if (this.readyState === 0) return this._queue([buffer]);","    if (this.readyState > 1) return false;","","    if (typeof buffer !== 'string') buffer = buffer.toString();","","    var payload = new Buffer(buffer, 'utf8'),","        frame   = new Buffer(payload.length + 2);","","    frame[0] = 0x00;","    frame[payload.length + 1] = 0xFF;","    payload.copy(frame, 1);","","    this._write(frame);","    return true;","  },","","  _handshakeResponse: function() {","    var start   = 'HTTP/1.1 101 Web Socket Protocol Handshake',","        headers = [start, this._headers.toString(), ''];","","    return new Buffer(headers.join('\\r\\n'), 'utf8');","  },","","  _parseLeadingByte: function(octet) {","    if ((octet & 0x80) === 0x80) {","      this._length = 0;","      this._stage  = 1;","    } else {","      delete this._length;","      delete this._skipped;","      this._buffer = [];","      this._stage  = 2;","    }","  }","};","","for (var key in instance)","  Draft75.prototype[key] = instance[key];","","module.exports = Draft75;",""],"l":{"3":1,"6":1,"7":0,"8":0,"9":0,"11":0,"12":0,"13":0,"14":0,"16":1,"18":1,"20":0,"21":0,"22":0,"23":0,"27":0,"29":0,"31":0,"32":0,"34":0,"36":0,"37":0,"38":0,"41":0,"42":0,"45":0,"47":0,"48":0,"50":0,"51":0,"52":0,"55":0,"56":0,"59":0,"62":0,"63":0,"64":0,"65":0,"68":0,"69":0,"70":0,"71":0,"73":0,"74":0,"77":0,"83":0,"84":0,"86":0,"88":0,"91":0,"92":0,"93":0,"95":0,"96":0,"100":0,"103":0,"107":0,"108":0,"109":0,"111":0,"112":0,"113":0,"114":0,"119":1,"120":5,"122":1}},"/home/travis/build/npmtest/node-npmtest-websocket-driver/node_modules/websocket-driver/lib/websocket/driver/draft76.js":{"path":"/home/travis/build/npmtest/node-npmtest-websocket-driver/node_modules/websocket-driver/lib/websocket/driver/draft76.js","s":{"1":1,"2":1,"3":0,"4":1,"5":0,"6":1,"7":0,"8":0,"9":0,"10":0,"11":0,"12":0,"13":0,"14":0,"15":0,"16":1,"17":1,"18":0,"19":0,"20":0,"21":0,"22":0,"23":0,"24":0,"25":0,"26":0,"27":0,"28":0,"29":0,"30":0,"31":0,"32":0,"33":0,"34":0,"35":0,"36":0,"37":0,"38":0,"39":0,"40":0,"41":0,"42":0,"43":0,"44":0,"45":0,"46":0,"47":0,"48":0,"49":0,"50":0,"51":0,"52":0,"53":0,"54":0,"55":0,"56":0,"57":0,"58":0,"59":0,"60":1,"61":7,"62":1},"b":{"1":[0,0],"2":[0,0],"3":[0,0],"4":[0,0],"5":[0,0],"6":[0,0],"7":[0,0],"8":[0,0],"9":[0,0]},"f":{"1":0,"2":0,"3":0,"4":0,"5":0,"6":0,"7":0,"8":0,"9":0},"fnMap":{"1":{"name":"(anonymous_1)","line":9,"loc":{"start":{"line":9,"column":20},"end":{"line":9,"column":34}}},"2":{"name":"(anonymous_2)","line":13,"loc":{"start":{"line":13,"column":18},"end":{"line":13,"column":32}}},"3":{"name":"(anonymous_3)","line":18,"loc":{"start":{"line":18,"column":14},"end":{"line":18,"column":46}}},"4":{"name":"(anonymous_4)","line":36,"loc":{"start":{"line":36,"column":9},"end":{"line":36,"column":20}}},"5":{"name":"(anonymous_5)","line":43,"loc":{"start":{"line":43,"column":9},"end":{"line":43,"column":20}}},"6":{"name":"(anonymous_6)","line":51,"loc":{"start":{"line":51,"column":22},"end":{"line":51,"column":33}}},"7":{"name":"(anonymous_7)","line":76,"loc":{"start":{"line":76,"column":23},"end":{"line":76,"column":34}}},"8":{"name":"(anonymous_8)","line":90,"loc":{"start":{"line":90,"column":22},"end":{"line":90,"column":33}}},"9":{"name":"(anonymous_9)","line":103,"loc":{"start":{"line":103,"column":21},"end":{"line":103,"column":37}}}},"statementMap":{"1":{"start":{"line":3,"column":0},"end":{"line":6,"column":30}},"2":{"start":{"line":9,"column":0},"end":{"line":11,"column":2}},"3":{"start":{"line":10,"column":2},"end":{"line":10,"column":52}},"4":{"start":{"line":13,"column":0},"end":{"line":15,"column":2}},"5":{"start":{"line":14,"column":2},"end":{"line":14,"column":32}},"6":{"start":{"line":18,"column":0},"end":{"line":30,"column":2}},"7":{"start":{"line":19,"column":2},"end":{"line":19,"column":33}},"8":{"start":{"line":20,"column":2},"end":{"line":20,"column":20}},"9":{"start":{"line":21,"column":2},"end":{"line":21,"column":20}},"10":{"start":{"line":22,"column":2},"end":{"line":22,"column":28}},"11":{"start":{"line":24,"column":2},"end":{"line":24,"column":24}},"12":{"start":{"line":26,"column":2},"end":{"line":26,"column":44}},"13":{"start":{"line":27,"column":2},"end":{"line":27,"column":45}},"14":{"start":{"line":28,"column":2},"end":{"line":28,"column":74}},"15":{"start":{"line":29,"column":2},"end":{"line":29,"column":56}},"16":{"start":{"line":31,"column":0},"end":{"line":31,"column":32}},"17":{"start":{"line":33,"column":0},"end":{"line":111,"column":2}},"18":{"start":{"line":37,"column":4},"end":{"line":37,"column":58}},"19":{"start":{"line":37,"column":45},"end":{"line":37,"column":58}},"20":{"start":{"line":38,"column":4},"end":{"line":38,"column":25}},"21":{"start":{"line":39,"column":4},"end":{"line":39,"column":30}},"22":{"start":{"line":40,"column":4},"end":{"line":40,"column":16}},"23":{"start":{"line":44,"column":4},"end":{"line":44,"column":44}},"24":{"start":{"line":44,"column":31},"end":{"line":44,"column":44}},"25":{"start":{"line":45,"column":4},"end":{"line":45,"column":42}},"26":{"start":{"line":46,"column":4},"end":{"line":46,"column":24}},"27":{"start":{"line":47,"column":4},"end":{"line":47,"column":56}},"28":{"start":{"line":48,"column":4},"end":{"line":48,"column":16}},"29":{"start":{"line":52,"column":4},"end":{"line":60,"column":36}},"30":{"start":{"line":62,"column":4},"end":{"line":66,"column":5}},"31":{"start":{"line":63,"column":6},"end":{"line":63,"column":85}},"32":{"start":{"line":64,"column":6},"end":{"line":64,"column":19}},"33":{"start":{"line":65,"column":6},"end":{"line":65,"column":18}},"34":{"start":{"line":68,"column":4},"end":{"line":68,"column":61}},"35":{"start":{"line":70,"column":4},"end":{"line":71,"column":56}},"36":{"start":{"line":73,"column":4},"end":{"line":73,"column":54}},"37":{"start":{"line":77,"column":4},"end":{"line":77,"column":56}},"38":{"start":{"line":77,"column":44},"end":{"line":77,"column":56}},"39":{"start":{"line":79,"column":4},"end":{"line":80,"column":48}},"40":{"start":{"line":82,"column":4},"end":{"line":82,"column":48}},"41":{"start":{"line":83,"column":4},"end":{"line":83,"column":48}},"42":{"start":{"line":84,"column":4},"end":{"line":84,"column":62}},"43":{"start":{"line":86,"column":4},"end":{"line":86,"column":23}},"44":{"start":{"line":87,"column":4},"end":{"line":87,"column":54}},"45":{"start":{"line":91,"column":4},"end":{"line":91,"column":31}},"46":{"start":{"line":91,"column":24},"end":{"line":91,"column":31}},"47":{"start":{"line":92,"column":4},"end":{"line":92,"column":47}},"48":{"start":{"line":93,"column":4},"end":{"line":93,"column":27}},"49":{"start":{"line":93,"column":20},"end":{"line":93,"column":27}},"50":{"start":{"line":95,"column":4},"end":{"line":95,"column":27}},"51":{"start":{"line":96,"column":4},"end":{"line":96,"column":20}},"52":{"start":{"line":97,"column":4},"end":{"line":97,"column":17}},"53":{"start":{"line":99,"column":4},"end":{"line":100,"column":51}},"54":{"start":{"line":100,"column":6},"end":{"line":100,"column":51}},"55":{"start":{"line":104,"column":4},"end":{"line":105,"column":67}},"56":{"start":{"line":105,"column":6},"end":{"line":105,"column":67}},"57":{"start":{"line":107,"column":4},"end":{"line":107,"column":25}},"58":{"start":{"line":108,"column":4},"end":{"line":108,"column":22}},"59":{"start":{"line":109,"column":4},"end":{"line":109,"column":22}},"60":{"start":{"line":113,"column":0},"end":{"line":114,"column":41}},"61":{"start":{"line":114,"column":2},"end":{"line":114,"column":41}},"62":{"start":{"line":116,"column":0},"end":{"line":116,"column":25}}},"branchMap":{"1":{"line":37,"type":"if","locations":[{"start":{"line":37,"column":4},"end":{"line":37,"column":4}},{"start":{"line":37,"column":4},"end":{"line":37,"column":4}}]},"2":{"line":44,"type":"if","locations":[{"start":{"line":44,"column":4},"end":{"line":44,"column":4}},{"start":{"line":44,"column":4},"end":{"line":44,"column":4}}]},"3":{"line":62,"type":"if","locations":[{"start":{"line":62,"column":4},"end":{"line":62,"column":4}},{"start":{"line":62,"column":4},"end":{"line":62,"column":4}}]},"4":{"line":62,"type":"binary-expr","locations":[{"start":{"line":62,"column":8},"end":{"line":62,"column":31}},{"start":{"line":62,"column":35},"end":{"line":62,"column":58}}]},"5":{"line":77,"type":"if","locations":[{"start":{"line":77,"column":4},"end":{"line":77,"column":4}},{"start":{"line":77,"column":4},"end":{"line":77,"column":4}}]},"6":{"line":91,"type":"if","locations":[{"start":{"line":91,"column":4},"end":{"line":91,"column":4}},{"start":{"line":91,"column":4},"end":{"line":91,"column":4}}]},"7":{"line":93,"type":"if","locations":[{"start":{"line":93,"column":4},"end":{"line":93,"column":4}},{"start":{"line":93,"column":4},"end":{"line":93,"column":4}}]},"8":{"line":99,"type":"if","locations":[{"start":{"line":99,"column":4},"end":{"line":99,"column":4}},{"start":{"line":99,"column":4},"end":{"line":99,"column":4}}]},"9":{"line":104,"type":"if","locations":[{"start":{"line":104,"column":4},"end":{"line":104,"column":4}},{"start":{"line":104,"column":4},"end":{"line":104,"column":4}}]}},"code":["'use strict';","","var Base    = require('./base'),","    Draft75 = require('./draft75'),","    crypto  = require('crypto'),","    util    = require('util');","","","var numberFromKey = function(key) {","  return parseInt(key.match(/[0-9]/g).join(''), 10);","};","","var spacesInKey = function(key) {","  return key.match(/ /g).length;","};","","","var Draft76 = function(request, url, options) {","  Draft75.apply(this, arguments);","  this._stage  = -1;","  this._body   = [];","  this.version = 'hixie-76';","","  this._headers.clear();","","  this._headers.set('Upgrade', 'WebSocket');","  this._headers.set('Connection', 'Upgrade');","  this._headers.set('Sec-WebSocket-Origin', this._request.headers.origin);","  this._headers.set('Sec-WebSocket-Location', this.url);","};","util.inherits(Draft76, Draft75);","","var instance = {","  BODY_SIZE: 8,","","  start: function() {","    if (!Draft75.prototype.start.call(this)) return false;","    this._started = true;","    this._sendHandshakeBody();","    return true;","  },","","  close: function() {","    if (this.readyState === 3) return false;","    this._write(new Buffer([0xFF, 0x00]));","    this.readyState = 3;","    this.emit('close', new Base.CloseEvent(null, null));","    return true;","  },","","  _handshakeResponse: function() {","    var headers = this._request.headers,","","        key1    = headers['sec-websocket-key1'],","        number1 = numberFromKey(key1),","        spaces1 = spacesInKey(key1),","","        key2    = headers['sec-websocket-key2'],","        number2 = numberFromKey(key2),","        spaces2 = spacesInKey(key2);","","    if (number1 % spaces1 !== 0 || number2 % spaces2 !== 0) {","      this.emit('error', new Error('Client sent invalid Sec-WebSocket-Key headers'));","      this.close();","      return null;","    }","","    this._keyValues = [number1 / spaces1, number2 / spaces2];","","    var start   = 'HTTP/1.1 101 WebSocket Protocol Handshake',","        headers = [start, this._headers.toString(), ''];","","    return new Buffer(headers.join('\\r\\n'), 'binary');","  },","","  _handshakeSignature: function() {","    if (this._body.length < this.BODY_SIZE) return null;","","    var md5    = crypto.createHash('md5'),","        buffer = new Buffer(8 + this.BODY_SIZE);","","    buffer.writeUInt32BE(this._keyValues[0], 0);","    buffer.writeUInt32BE(this._keyValues[1], 4);","    new Buffer(this._body).copy(buffer, 8, 0, this.BODY_SIZE);","","    md5.update(buffer);","    return new Buffer(md5.digest('binary'), 'binary');","  },","","  _sendHandshakeBody: function() {","    if (!this._started) return;","    var signature = this._handshakeSignature();","    if (!signature) return;","","    this._write(signature);","    this._stage = 0;","    this._open();","","    if (this._body.length > this.BODY_SIZE)","      this.parse(this._body.slice(this.BODY_SIZE));","  },","","  _parseLeadingByte: function(octet) {","    if (octet !== 0xFF)","      return Draft75.prototype._parseLeadingByte.call(this, octet);","","    this._closing = true;","    this._length  = 0;","    this._stage   = 1;","  }","};","","for (var key in instance)","  Draft76.prototype[key] = instance[key];","","module.exports = Draft76;",""],"l":{"3":1,"9":1,"10":0,"13":1,"14":0,"18":1,"19":0,"20":0,"21":0,"22":0,"24":0,"26":0,"27":0,"28":0,"29":0,"31":1,"33":1,"37":0,"38":0,"39":0,"40":0,"44":0,"45":0,"46":0,"47":0,"48":0,"52":0,"62":0,"63":0,"64":0,"65":0,"68":0,"70":0,"73":0,"77":0,"79":0,"82":0,"83":0,"84":0,"86":0,"87":0,"91":0,"92":0,"93":0,"95":0,"96":0,"97":0,"99":0,"100":0,"104":0,"105":0,"107":0,"108":0,"109":0,"113":1,"114":7,"116":1}}}